ERROR - 2022-10-05 19:01:57 --> mysqli_sql_exception: Unknown column 'd.clock_in' in 'field list' in C:\laragon\www\csm\system\Database\MySQLi\Connection.php:292
Stack trace:
#0 C:\laragon\www\csm\system\Database\MySQLi\Connection.php(292): mysqli->query('SELECT `a`.`id`...', 0)
#1 C:\laragon\www\csm\system\Database\BaseConnection.php(693): CodeIgniter\Database\MySQLi\Connection->execute('SELECT `a`.`id`...')
#2 C:\laragon\www\csm\system\Database\BaseConnection.php(620): CodeIgniter\Database\BaseConnection->simpleQuery('SELECT `a`.`id`...')
#3 C:\laragon\www\csm\system\Database\BaseBuilder.php(1585): CodeIgniter\Database\BaseConnection->query('SELECT `a`.`id`...', Array, false)
#4 C:\laragon\www\csm\vendor\hermawan\codeigniter4-datatables\src\DataTableQuery.php(219): CodeIgniter\Database\BaseBuilder->get()
#5 C:\laragon\www\csm\vendor\hermawan\codeigniter4-datatables\src\DataTableQuery.php(70): Hermawan\DataTables\DataTableQuery->queryResult()
#6 C:\laragon\www\csm\vendor\hermawan\codeigniter4-datatables\src\DataTable.php(176): Hermawan\DataTables\DataTableQuery->getDataResult()
#7 C:\laragon\www\csm\Modules\Dashboard\Controllers\DashboardController.php(86): Hermawan\DataTables\DataTable->toJson()
#8 C:\laragon\www\csm\system\CodeIgniter.php(898): Modules\Dashboard\Controllers\DashboardController->ajaxDataTables()
#9 C:\laragon\www\csm\system\CodeIgniter.php(457): CodeIgniter\CodeIgniter->runController(Object(Modules\Dashboard\Controllers\DashboardController))
#10 C:\laragon\www\csm\system\CodeIgniter.php(340): CodeIgniter\CodeIgniter->handleRequest(NULL, Object(Config\Cache), false)
#11 C:\laragon\www\csm\public\index.php(67): CodeIgniter\CodeIgniter->run()
#12 {main}
CRITICAL - 2022-10-05 19:01:57 --> Call to a member function getResult() on bool
in VENDORPATH\hermawan\codeigniter4-datatables\src\DataTableQuery.php on line 219.
 1 VENDORPATH\hermawan\codeigniter4-datatables\src\DataTableQuery.php(70): Hermawan\DataTables\DataTableQuery->queryResult()
 2 VENDORPATH\hermawan\codeigniter4-datatables\src\DataTable.php(176): Hermawan\DataTables\DataTableQuery->getDataResult()
 3 ROOTPATH\Modules\Dashboard\Controllers\DashboardController.php(86): Hermawan\DataTables\DataTable->toJson()
 4 SYSTEMPATH\CodeIgniter.php(898): Modules\Dashboard\Controllers\DashboardController->ajaxDataTables()
 5 SYSTEMPATH\CodeIgniter.php(457): CodeIgniter\CodeIgniter->runController(Object(Modules\Dashboard\Controllers\DashboardController))
 6 SYSTEMPATH\CodeIgniter.php(340): CodeIgniter\CodeIgniter->handleRequest(null, Object(Config\Cache), false)
 7 FCPATH\index.php(67): CodeIgniter\CodeIgniter->run()
CRITICAL - 2022-10-05 19:54:52 --> Invalid file: \Modules\Dashboard\Views\modal.php
in SYSTEMPATH\Exceptions\FrameworkException.php on line 33.
 1 SYSTEMPATH\View\View.php(201): CodeIgniter\Exceptions\FrameworkException::forInvalidFile('\\Modules\\Dashboard\\Views\\modal.php')
 2 SYSTEMPATH\Common.php(1137): CodeIgniter\View\View->render('\\Modules\\Dashboard\\Views\\modal', [], true)
 3 ROOTPATH\Modules\Dashboard\Controllers\DashboardController.php(34): view('\\Modules\\Dashboard\\Views\\modal')
 4 SYSTEMPATH\CodeIgniter.php(898): Modules\Dashboard\Controllers\DashboardController->index()
 5 SYSTEMPATH\CodeIgniter.php(457): CodeIgniter\CodeIgniter->runController(Object(Modules\Dashboard\Controllers\DashboardController))
 6 SYSTEMPATH\CodeIgniter.php(340): CodeIgniter\CodeIgniter->handleRequest(null, Object(Config\Cache), false)
 7 FCPATH\index.php(67): CodeIgniter\CodeIgniter->run()
