CRITICAL - 2022-10-04 00:26:50 --> Undefined index: user_id
in ROOTPATH\Modules\Dashboard\Controllers\DashboardController.php on line 21.
 1 ROOTPATH\Modules\Dashboard\Controllers\DashboardController.php(21): CodeIgniter\Debug\Exceptions->errorHandler(8, 'Undefined index: user_id', 'ROOTPATH\\Modules\\Dashboard\\Controllers\\DashboardController.php', 21, [])
 2 SYSTEMPATH\CodeIgniter.php(898): Modules\Dashboard\Controllers\DashboardController->index()
 3 SYSTEMPATH\CodeIgniter.php(457): CodeIgniter\CodeIgniter->runController(Object(Modules\Dashboard\Controllers\DashboardController))
 4 SYSTEMPATH\CodeIgniter.php(340): CodeIgniter\CodeIgniter->handleRequest(null, Object(Config\Cache), false)
 5 FCPATH\index.php(67): CodeIgniter\CodeIgniter->run()
CRITICAL - 2022-10-04 20:45:44 --> Too few arguments to function Modules\Dashboard\Controllers\DashboardController::clock_in(), 0 passed in C:\laragon\www\csm\system\CodeIgniter.php on line 898 and exactly 1 expected
in ROOTPATH\Modules\Dashboard\Controllers\DashboardController.php on line 37.
 1 SYSTEMPATH\CodeIgniter.php(898): Modules\Dashboard\Controllers\DashboardController->clock_in()
 2 SYSTEMPATH\CodeIgniter.php(457): CodeIgniter\CodeIgniter->runController(Object(Modules\Dashboard\Controllers\DashboardController))
 3 SYSTEMPATH\CodeIgniter.php(340): CodeIgniter\CodeIgniter->handleRequest(null, Object(Config\Cache), false)
 4 FCPATH\index.php(67): CodeIgniter\CodeIgniter->run()
CRITICAL - 2022-10-04 20:45:52 --> Too few arguments to function Modules\Dashboard\Controllers\DashboardController::clock_in(), 0 passed in C:\laragon\www\csm\system\CodeIgniter.php on line 898 and exactly 1 expected
in ROOTPATH\Modules\Dashboard\Controllers\DashboardController.php on line 37.
 1 SYSTEMPATH\CodeIgniter.php(898): Modules\Dashboard\Controllers\DashboardController->clock_in()
 2 SYSTEMPATH\CodeIgniter.php(457): CodeIgniter\CodeIgniter->runController(Object(Modules\Dashboard\Controllers\DashboardController))
 3 SYSTEMPATH\CodeIgniter.php(340): CodeIgniter\CodeIgniter->handleRequest(null, Object(Config\Cache), false)
 4 FCPATH\index.php(67): CodeIgniter\CodeIgniter->run()
CRITICAL - 2022-10-04 21:01:46 --> Undefined variable: id
in ROOTPATH\Modules\Dashboard\Controllers\DashboardController.php on line 41.
 1 ROOTPATH\Modules\Dashboard\Controllers\DashboardController.php(41): CodeIgniter\Debug\Exceptions->errorHandler(8, 'Undefined variable: id', 'ROOTPATH\\Modules\\Dashboard\\Controllers\\DashboardController.php', 41, [...])
 2 SYSTEMPATH\CodeIgniter.php(898): Modules\Dashboard\Controllers\DashboardController->clock_in('2')
 3 SYSTEMPATH\CodeIgniter.php(457): CodeIgniter\CodeIgniter->runController(Object(Modules\Dashboard\Controllers\DashboardController))
 4 SYSTEMPATH\CodeIgniter.php(340): CodeIgniter\CodeIgniter->handleRequest(null, Object(Config\Cache), false)
 5 FCPATH\index.php(67): CodeIgniter\CodeIgniter->run()
CRITICAL - 2022-10-04 21:02:04 --> Undefined variable: id
in ROOTPATH\Modules\Dashboard\Controllers\DashboardController.php on line 41.
 1 ROOTPATH\Modules\Dashboard\Controllers\DashboardController.php(41): CodeIgniter\Debug\Exceptions->errorHandler(8, 'Undefined variable: id', 'ROOTPATH\\Modules\\Dashboard\\Controllers\\DashboardController.php', 41, [...])
 2 SYSTEMPATH\CodeIgniter.php(898): Modules\Dashboard\Controllers\DashboardController->clock_in('2')
 3 SYSTEMPATH\CodeIgniter.php(457): CodeIgniter\CodeIgniter->runController(Object(Modules\Dashboard\Controllers\DashboardController))
 4 SYSTEMPATH\CodeIgniter.php(340): CodeIgniter\CodeIgniter->handleRequest(null, Object(Config\Cache), false)
 5 FCPATH\index.php(67): CodeIgniter\CodeIgniter->run()
CRITICAL - 2022-10-04 21:05:48 --> Undefined variable: id
in ROOTPATH\Modules\Dashboard\Controllers\DashboardController.php on line 41.
 1 ROOTPATH\Modules\Dashboard\Controllers\DashboardController.php(41): CodeIgniter\Debug\Exceptions->errorHandler(8, 'Undefined variable: id', 'ROOTPATH\\Modules\\Dashboard\\Controllers\\DashboardController.php', 41, [...])
 2 SYSTEMPATH\CodeIgniter.php(898): Modules\Dashboard\Controllers\DashboardController->clock_in('2')
 3 SYSTEMPATH\CodeIgniter.php(457): CodeIgniter\CodeIgniter->runController(Object(Modules\Dashboard\Controllers\DashboardController))
 4 SYSTEMPATH\CodeIgniter.php(340): CodeIgniter\CodeIgniter->handleRequest(null, Object(Config\Cache), false)
 5 FCPATH\index.php(67): CodeIgniter\CodeIgniter->run()
CRITICAL - 2022-10-04 21:06:07 --> Undefined variable: id
in ROOTPATH\Modules\Dashboard\Controllers\DashboardController.php on line 41.
 1 ROOTPATH\Modules\Dashboard\Controllers\DashboardController.php(41): CodeIgniter\Debug\Exceptions->errorHandler(8, 'Undefined variable: id', 'ROOTPATH\\Modules\\Dashboard\\Controllers\\DashboardController.php', 41, [...])
 2 SYSTEMPATH\CodeIgniter.php(898): Modules\Dashboard\Controllers\DashboardController->clock_in('2')
 3 SYSTEMPATH\CodeIgniter.php(457): CodeIgniter\CodeIgniter->runController(Object(Modules\Dashboard\Controllers\DashboardController))
 4 SYSTEMPATH\CodeIgniter.php(340): CodeIgniter\CodeIgniter->handleRequest(null, Object(Config\Cache), false)
 5 FCPATH\index.php(67): CodeIgniter\CodeIgniter->run()
CRITICAL - 2022-10-04 21:06:17 --> Undefined variable: id
in ROOTPATH\Modules\Dashboard\Controllers\DashboardController.php on line 41.
 1 ROOTPATH\Modules\Dashboard\Controllers\DashboardController.php(41): CodeIgniter\Debug\Exceptions->errorHandler(8, 'Undefined variable: id', 'ROOTPATH\\Modules\\Dashboard\\Controllers\\DashboardController.php', 41, [...])
 2 SYSTEMPATH\CodeIgniter.php(898): Modules\Dashboard\Controllers\DashboardController->clock_in('2')
 3 SYSTEMPATH\CodeIgniter.php(457): CodeIgniter\CodeIgniter->runController(Object(Modules\Dashboard\Controllers\DashboardController))
 4 SYSTEMPATH\CodeIgniter.php(340): CodeIgniter\CodeIgniter->handleRequest(null, Object(Config\Cache), false)
 5 FCPATH\index.php(67): CodeIgniter\CodeIgniter->run()
