CRITICAL - 2022-08-18 19:59:19 --> Class 'Modules\Dashboard\Models\TimesheetModel' not found
in ROOTPATH\Modules\Timesheet\Controllers\TimesheetController.php on line 15.
 1 SYSTEMPATH\CodeIgniter.php(860): Modules\Timesheet\Controllers\TimesheetController->__construct()
 2 SYSTEMPATH\CodeIgniter.php(448): CodeIgniter\CodeIgniter->createController()
 3 SYSTEMPATH\CodeIgniter.php(340): CodeIgniter\CodeIgniter->handleRequest(null, Object(Config\Cache), false)
 4 FCPATH\index.php(67): CodeIgniter\CodeIgniter->run()
CRITICAL - 2022-08-18 21:15:56 --> Undefined variable: id
in ROOTPATH\Modules\Timesheet\Controllers\TimesheetController.php on line 20.
 1 ROOTPATH\Modules\Timesheet\Controllers\TimesheetController.php(20): CodeIgniter\Debug\Exceptions->errorHandler(8, 'Undefined variable: id', 'ROOTPATH\\Modules\\Timesheet\\Controllers\\TimesheetController.php', 20, [])
 2 SYSTEMPATH\CodeIgniter.php(898): Modules\Timesheet\Controllers\TimesheetController->index()
 3 SYSTEMPATH\CodeIgniter.php(457): CodeIgniter\CodeIgniter->runController(Object(Modules\Timesheet\Controllers\TimesheetController))
 4 SYSTEMPATH\CodeIgniter.php(340): CodeIgniter\CodeIgniter->handleRequest(null, Object(Config\Cache), false)
 5 FCPATH\index.php(67): CodeIgniter\CodeIgniter->run()
CRITICAL - 2022-08-18 21:21:36 --> Class 'Modules\Timesheet\Controllers\DataTable' not found
in ROOTPATH\Modules\Timesheet\Controllers\TimesheetController.php on line 40.
 1 SYSTEMPATH\CodeIgniter.php(898): Modules\Timesheet\Controllers\TimesheetController->ajaxDataTables()
 2 SYSTEMPATH\CodeIgniter.php(457): CodeIgniter\CodeIgniter->runController(Object(Modules\Timesheet\Controllers\TimesheetController))
 3 SYSTEMPATH\CodeIgniter.php(340): CodeIgniter\CodeIgniter->handleRequest(null, Object(Config\Cache), false)
 4 FCPATH\index.php(67): CodeIgniter\CodeIgniter->run()
CRITICAL - 2022-08-18 21:23:20 --> Class 'Modules\Timesheet\Controllers\DataTable' not found
in ROOTPATH\Modules\Timesheet\Controllers\TimesheetController.php on line 40.
 1 SYSTEMPATH\CodeIgniter.php(898): Modules\Timesheet\Controllers\TimesheetController->ajaxDataTables()
 2 SYSTEMPATH\CodeIgniter.php(457): CodeIgniter\CodeIgniter->runController(Object(Modules\Timesheet\Controllers\TimesheetController))
 3 SYSTEMPATH\CodeIgniter.php(340): CodeIgniter\CodeIgniter->handleRequest(null, Object(Config\Cache), false)
 4 FCPATH\index.php(67): CodeIgniter\CodeIgniter->run()
CRITICAL - 2022-08-18 21:23:49 --> Class 'Modules\Timesheet\Controllers\DataTable' not found
in ROOTPATH\Modules\Timesheet\Controllers\TimesheetController.php on line 40.
 1 SYSTEMPATH\CodeIgniter.php(898): Modules\Timesheet\Controllers\TimesheetController->ajaxDataTables()
 2 SYSTEMPATH\CodeIgniter.php(457): CodeIgniter\CodeIgniter->runController(Object(Modules\Timesheet\Controllers\TimesheetController))
 3 SYSTEMPATH\CodeIgniter.php(340): CodeIgniter\CodeIgniter->handleRequest(null, Object(Config\Cache), false)
 4 FCPATH\index.php(67): CodeIgniter\CodeIgniter->run()
CRITICAL - 2022-08-18 21:24:53 --> Undefined property: stdClass::$id
in ROOTPATH\Modules\Timesheet\Controllers\TimesheetController.php on line 43.
 1 ROOTPATH\Modules\Timesheet\Controllers\TimesheetController.php(43): CodeIgniter\Debug\Exceptions->errorHandler(8, 'Undefined property: stdClass::$id', 'ROOTPATH\\Modules\\Timesheet\\Controllers\\TimesheetController.php', 43, [...])
 2 VENDORPATH\hermawan\codeigniter4-datatables\src\DataTableQuery.php(91): Modules\Timesheet\Controllers\TimesheetController->Modules\Timesheet\Controllers\{closure}(Object(stdClass))
 3 VENDORPATH\hermawan\codeigniter4-datatables\src\DataTable.php(176): Hermawan\DataTables\DataTableQuery->getDataResult()
 4 ROOTPATH\Modules\Timesheet\Controllers\TimesheetController.php(46): Hermawan\DataTables\DataTable->toJson()
 5 SYSTEMPATH\CodeIgniter.php(898): Modules\Timesheet\Controllers\TimesheetController->ajaxDataTables()
 6 SYSTEMPATH\CodeIgniter.php(457): CodeIgniter\CodeIgniter->runController(Object(Modules\Timesheet\Controllers\TimesheetController))
 7 SYSTEMPATH\CodeIgniter.php(340): CodeIgniter\CodeIgniter->handleRequest(null, Object(Config\Cache), false)
 8 FCPATH\index.php(67): CodeIgniter\CodeIgniter->run()
CRITICAL - 2022-08-18 21:26:00 --> Undefined property: stdClass::$id
in ROOTPATH\Modules\Timesheet\Controllers\TimesheetController.php on line 43.
 1 ROOTPATH\Modules\Timesheet\Controllers\TimesheetController.php(43): CodeIgniter\Debug\Exceptions->errorHandler(8, 'Undefined property: stdClass::$id', 'ROOTPATH\\Modules\\Timesheet\\Controllers\\TimesheetController.php', 43, [...])
 2 VENDORPATH\hermawan\codeigniter4-datatables\src\DataTableQuery.php(91): Modules\Timesheet\Controllers\TimesheetController->Modules\Timesheet\Controllers\{closure}(Object(stdClass))
 3 VENDORPATH\hermawan\codeigniter4-datatables\src\DataTable.php(176): Hermawan\DataTables\DataTableQuery->getDataResult()
 4 ROOTPATH\Modules\Timesheet\Controllers\TimesheetController.php(46): Hermawan\DataTables\DataTable->toJson()
 5 SYSTEMPATH\CodeIgniter.php(898): Modules\Timesheet\Controllers\TimesheetController->ajaxDataTables()
 6 SYSTEMPATH\CodeIgniter.php(457): CodeIgniter\CodeIgniter->runController(Object(Modules\Timesheet\Controllers\TimesheetController))
 7 SYSTEMPATH\CodeIgniter.php(340): CodeIgniter\CodeIgniter->handleRequest(null, Object(Config\Cache), false)
 8 FCPATH\index.php(67): CodeIgniter\CodeIgniter->run()
CRITICAL - 2022-08-18 23:35:45 --> Undefined index: user_id
in ROOTPATH\Modules\Timesheet\Controllers\TimesheetController.php on line 21.
 1 ROOTPATH\Modules\Timesheet\Controllers\TimesheetController.php(21): CodeIgniter\Debug\Exceptions->errorHandler(8, 'Undefined index: user_id', 'ROOTPATH\\Modules\\Timesheet\\Controllers\\TimesheetController.php', 21, [])
 2 SYSTEMPATH\CodeIgniter.php(898): Modules\Timesheet\Controllers\TimesheetController->index()
 3 SYSTEMPATH\CodeIgniter.php(457): CodeIgniter\CodeIgniter->runController(Object(Modules\Timesheet\Controllers\TimesheetController))
 4 SYSTEMPATH\CodeIgniter.php(340): CodeIgniter\CodeIgniter->handleRequest(null, Object(Config\Cache), false)
 5 FCPATH\index.php(67): CodeIgniter\CodeIgniter->run()
CRITICAL - 2022-08-18 23:40:20 --> Undefined property: stdClass::$id
in ROOTPATH\Modules\Timesheet\Controllers\TimesheetController.php on line 43.
 1 ROOTPATH\Modules\Timesheet\Controllers\TimesheetController.php(43): CodeIgniter\Debug\Exceptions->errorHandler(8, 'Undefined property: stdClass::$id', 'ROOTPATH\\Modules\\Timesheet\\Controllers\\TimesheetController.php', 43, [...])
 2 VENDORPATH\hermawan\codeigniter4-datatables\src\DataTableQuery.php(91): Modules\Timesheet\Controllers\TimesheetController->Modules\Timesheet\Controllers\{closure}(Object(stdClass))
 3 VENDORPATH\hermawan\codeigniter4-datatables\src\DataTable.php(176): Hermawan\DataTables\DataTableQuery->getDataResult()
 4 ROOTPATH\Modules\Timesheet\Controllers\TimesheetController.php(46): Hermawan\DataTables\DataTable->toJson()
 5 SYSTEMPATH\CodeIgniter.php(898): Modules\Timesheet\Controllers\TimesheetController->ajaxDataTables()
 6 SYSTEMPATH\CodeIgniter.php(457): CodeIgniter\CodeIgniter->runController(Object(Modules\Timesheet\Controllers\TimesheetController))
 7 SYSTEMPATH\CodeIgniter.php(340): CodeIgniter\CodeIgniter->handleRequest(null, Object(Config\Cache), false)
 8 FCPATH\index.php(67): CodeIgniter\CodeIgniter->run()
