CRITICAL - 2022-08-16 21:24:43 --> syntax error, unexpected '$this' (T_VARIABLE)
in APPPATH\Controllers\Login.php on line 61.
 1 SYSTEMPATH\Autoloader\Autoloader.php(259): CodeIgniter\Autoloader\Autoloader->includeFile('APPPATH\\Controllers\\Login.php')
 2 SYSTEMPATH\Autoloader\Autoloader.php(237): CodeIgniter\Autoloader\Autoloader->loadInNamespace('App\\Controllers\\Login')
 3 [internal function]: CodeIgniter\Autoloader\Autoloader->loadClass('App\\Controllers\\Login')
 4 [internal function]: spl_autoload_call('App\\Controllers\\Login')
 5 SYSTEMPATH\CodeIgniter.php(848): class_exists('\\App\\Controllers\\Login', true)
 6 SYSTEMPATH\CodeIgniter.php(444): CodeIgniter\CodeIgniter->startController()
 7 SYSTEMPATH\CodeIgniter.php(340): CodeIgniter\CodeIgniter->handleRequest(null, Object(Config\Cache), false)
 8 FCPATH\index.php(67): CodeIgniter\CodeIgniter->run()
CRITICAL - 2022-08-16 21:25:45 --> array_push() expects parameter 1 to be array, null given
in APPPATH\Controllers\Login.php on line 57.
 1 [internal function]: CodeIgniter\Debug\Exceptions->errorHandler(2, 'array_push() expects parameter 1 to be array, null given', 'APPPATH\\Controllers\\Login.php', 57, [...])
 2 APPPATH\Controllers\Login.php(57): array_push(null, '1')
 3 SYSTEMPATH\CodeIgniter.php(898): App\Controllers\Login->login()
 4 SYSTEMPATH\CodeIgniter.php(457): CodeIgniter\CodeIgniter->runController(Object(App\Controllers\Login))
 5 SYSTEMPATH\CodeIgniter.php(340): CodeIgniter\CodeIgniter->handleRequest(null, Object(Config\Cache), false)
 6 FCPATH\index.php(67): CodeIgniter\CodeIgniter->run()
CRITICAL - 2022-08-16 21:27:19 --> Illegal offset type
in SYSTEMPATH\Session\Session.php on line 467.
 1 SYSTEMPATH\Session\Session.php(467): CodeIgniter\Debug\Exceptions->errorHandler(2, 'Illegal offset type', 'SYSTEMPATH\\Session\\Session.php', 467, [...])
 2 APPPATH\Controllers\Login.php(58): CodeIgniter\Session\Session->set([...])
 3 SYSTEMPATH\CodeIgniter.php(898): App\Controllers\Login->login()
 4 SYSTEMPATH\CodeIgniter.php(457): CodeIgniter\CodeIgniter->runController(Object(App\Controllers\Login))
 5 SYSTEMPATH\CodeIgniter.php(340): CodeIgniter\CodeIgniter->handleRequest(null, Object(Config\Cache), false)
 6 FCPATH\index.php(67): CodeIgniter\CodeIgniter->run()
CRITICAL - 2022-08-16 21:53:31 --> Class 'Modules\Users\Models\DashboardModel' not found
in ROOTPATH\Modules\Dashboard\Controllers\DashboardController.php on line 11.
 1 SYSTEMPATH\CodeIgniter.php(860): Modules\Dashboard\Controllers\DashboardController->__construct()
 2 SYSTEMPATH\CodeIgniter.php(448): CodeIgniter\CodeIgniter->createController()
 3 SYSTEMPATH\CodeIgniter.php(340): CodeIgniter\CodeIgniter->handleRequest(null, Object(Config\Cache), false)
 4 FCPATH\index.php(67): CodeIgniter\CodeIgniter->run()
CRITICAL - 2022-08-16 21:53:51 --> Class 'Modules\Users\Models\DashboardModel' not found
in ROOTPATH\Modules\Dashboard\Controllers\DashboardController.php on line 11.
 1 SYSTEMPATH\CodeIgniter.php(860): Modules\Dashboard\Controllers\DashboardController->__construct()
 2 SYSTEMPATH\CodeIgniter.php(448): CodeIgniter\CodeIgniter->createController()
 3 SYSTEMPATH\CodeIgniter.php(340): CodeIgniter\CodeIgniter->handleRequest(null, Object(Config\Cache), false)
 4 FCPATH\index.php(67): CodeIgniter\CodeIgniter->run()
CRITICAL - 2022-08-16 21:54:39 --> Class 'Modules\Users\Models\DashboardModel' not found
in ROOTPATH\Modules\Dashboard\Controllers\DashboardController.php on line 11.
 1 SYSTEMPATH\CodeIgniter.php(860): Modules\Dashboard\Controllers\DashboardController->__construct()
 2 SYSTEMPATH\CodeIgniter.php(448): CodeIgniter\CodeIgniter->createController()
 3 SYSTEMPATH\CodeIgniter.php(340): CodeIgniter\CodeIgniter->handleRequest(null, Object(Config\Cache), false)
 4 FCPATH\index.php(67): CodeIgniter\CodeIgniter->run()
CRITICAL - 2022-08-16 21:54:48 --> Class 'Modules\Users\Models\DashboardModel' not found
in ROOTPATH\Modules\Dashboard\Controllers\DashboardController.php on line 12.
 1 SYSTEMPATH\CodeIgniter.php(860): Modules\Dashboard\Controllers\DashboardController->__construct()
 2 SYSTEMPATH\CodeIgniter.php(448): CodeIgniter\CodeIgniter->createController()
 3 SYSTEMPATH\CodeIgniter.php(340): CodeIgniter\CodeIgniter->handleRequest(null, Object(Config\Cache), false)
 4 FCPATH\index.php(67): CodeIgniter\CodeIgniter->run()
CRITICAL - 2022-08-16 21:54:57 --> Class 'Modules\Users\Models\DashboardModel' not found
in ROOTPATH\Modules\Dashboard\Controllers\DashboardController.php on line 12.
 1 SYSTEMPATH\CodeIgniter.php(860): Modules\Dashboard\Controllers\DashboardController->__construct()
 2 SYSTEMPATH\CodeIgniter.php(448): CodeIgniter\CodeIgniter->createController()
 3 SYSTEMPATH\CodeIgniter.php(340): CodeIgniter\CodeIgniter->handleRequest(null, Object(Config\Cache), false)
 4 FCPATH\index.php(67): CodeIgniter\CodeIgniter->run()
CRITICAL - 2022-08-16 21:55:04 --> Class 'Modules\Users\Models\DashboardModel' not found
in ROOTPATH\Modules\Dashboard\Controllers\DashboardController.php on line 12.
 1 SYSTEMPATH\CodeIgniter.php(860): Modules\Dashboard\Controllers\DashboardController->__construct()
 2 SYSTEMPATH\CodeIgniter.php(448): CodeIgniter\CodeIgniter->createController()
 3 SYSTEMPATH\CodeIgniter.php(340): CodeIgniter\CodeIgniter->handleRequest(null, Object(Config\Cache), false)
 4 FCPATH\index.php(67): CodeIgniter\CodeIgniter->run()
CRITICAL - 2022-08-16 21:55:23 --> Class 'Modules\Users\Models\DashboardModel' not found
in ROOTPATH\Modules\Dashboard\Controllers\DashboardController.php on line 12.
 1 SYSTEMPATH\CodeIgniter.php(860): Modules\Dashboard\Controllers\DashboardController->__construct()
 2 SYSTEMPATH\CodeIgniter.php(448): CodeIgniter\CodeIgniter->createController()
 3 SYSTEMPATH\CodeIgniter.php(340): CodeIgniter\CodeIgniter->handleRequest(null, Object(Config\Cache), false)
 4 FCPATH\index.php(67): CodeIgniter\CodeIgniter->run()
CRITICAL - 2022-08-16 21:55:46 --> Class 'Modules\Users\Models\DashboardModel' not found
in ROOTPATH\Modules\Dashboard\Controllers\DashboardController.php on line 12.
 1 SYSTEMPATH\CodeIgniter.php(898): Modules\Dashboard\Controllers\DashboardController->index()
 2 SYSTEMPATH\CodeIgniter.php(457): CodeIgniter\CodeIgniter->runController(Object(Modules\Dashboard\Controllers\DashboardController))
 3 SYSTEMPATH\CodeIgniter.php(340): CodeIgniter\CodeIgniter->handleRequest(null, Object(Config\Cache), false)
 4 FCPATH\index.php(67): CodeIgniter\CodeIgniter->run()
CRITICAL - 2022-08-16 21:56:36 --> Class 'Modules\Users\Models\DashboardModel' not found
in ROOTPATH\Modules\Dashboard\Controllers\DashboardController.php on line 12.
 1 SYSTEMPATH\CodeIgniter.php(898): Modules\Dashboard\Controllers\DashboardController->index()
 2 SYSTEMPATH\CodeIgniter.php(457): CodeIgniter\CodeIgniter->runController(Object(Modules\Dashboard\Controllers\DashboardController))
 3 SYSTEMPATH\CodeIgniter.php(340): CodeIgniter\CodeIgniter->handleRequest(null, Object(Config\Cache), false)
 4 FCPATH\index.php(67): CodeIgniter\CodeIgniter->run()
CRITICAL - 2022-08-16 21:56:50 --> Class 'Modules\Users\Models\DashboardModel' not found
in ROOTPATH\Modules\Dashboard\Controllers\DashboardController.php on line 13.
 1 SYSTEMPATH\CodeIgniter.php(898): Modules\Dashboard\Controllers\DashboardController->index()
 2 SYSTEMPATH\CodeIgniter.php(457): CodeIgniter\CodeIgniter->runController(Object(Modules\Dashboard\Controllers\DashboardController))
 3 SYSTEMPATH\CodeIgniter.php(340): CodeIgniter\CodeIgniter->handleRequest(null, Object(Config\Cache), false)
 4 FCPATH\index.php(67): CodeIgniter\CodeIgniter->run()
CRITICAL - 2022-08-16 21:59:30 --> Class 'Modules\Dashboard\Models\DashboardModel' not found
in ROOTPATH\Modules\Dashboard\Controllers\DashboardController.php on line 13.
 1 SYSTEMPATH\CodeIgniter.php(898): Modules\Dashboard\Controllers\DashboardController->index()
 2 SYSTEMPATH\CodeIgniter.php(457): CodeIgniter\CodeIgniter->runController(Object(Modules\Dashboard\Controllers\DashboardController))
 3 SYSTEMPATH\CodeIgniter.php(340): CodeIgniter\CodeIgniter->handleRequest(null, Object(Config\Cache), false)
 4 FCPATH\index.php(67): CodeIgniter\CodeIgniter->run()
CRITICAL - 2022-08-16 22:02:58 --> print_r() expects at least 1 parameter, 0 given
in ROOTPATH\Modules\Dashboard\Controllers\DashboardController.php on line 15.
 1 [internal function]: CodeIgniter\Debug\Exceptions->errorHandler(2, 'print_r() expects at least 1 parameter, 0 given', 'ROOTPATH\\Modules\\Dashboard\\Controllers\\DashboardController.php', 15, [...])
 2 ROOTPATH\Modules\Dashboard\Controllers\DashboardController.php(15): print_r()
 3 SYSTEMPATH\CodeIgniter.php(898): Modules\Dashboard\Controllers\DashboardController->index()
 4 SYSTEMPATH\CodeIgniter.php(457): CodeIgniter\CodeIgniter->runController(Object(Modules\Dashboard\Controllers\DashboardController))
 5 SYSTEMPATH\CodeIgniter.php(340): CodeIgniter\CodeIgniter->handleRequest(null, Object(Config\Cache), false)
 6 FCPATH\index.php(67): CodeIgniter\CodeIgniter->run()
CRITICAL - 2022-08-16 22:06:14 --> Undefined variable: dashboard_model
in ROOTPATH\Modules\Dashboard\Controllers\DashboardController.php on line 20.
 1 ROOTPATH\Modules\Dashboard\Controllers\DashboardController.php(20): CodeIgniter\Debug\Exceptions->errorHandler(8, 'Undefined variable: dashboard_model', 'ROOTPATH\\Modules\\Dashboard\\Controllers\\DashboardController.php', 20, [...])
 2 SYSTEMPATH\CodeIgniter.php(898): Modules\Dashboard\Controllers\DashboardController->index()
 3 SYSTEMPATH\CodeIgniter.php(457): CodeIgniter\CodeIgniter->runController(Object(Modules\Dashboard\Controllers\DashboardController))
 4 SYSTEMPATH\CodeIgniter.php(340): CodeIgniter\CodeIgniter->handleRequest(null, Object(Config\Cache), false)
 5 FCPATH\index.php(67): CodeIgniter\CodeIgniter->run()
CRITICAL - 2022-08-16 22:29:02 --> Undefined property: Modules\Dashboard\Controllers\DashboardController::$session
in ROOTPATH\Modules\Dashboard\Controllers\DashboardController.php on line 33.
 1 ROOTPATH\Modules\Dashboard\Controllers\DashboardController.php(33): CodeIgniter\Debug\Exceptions->errorHandler(8, 'Undefined property: Modules\\Dashboard\\Controllers\\DashboardController::$session', 'ROOTPATH\\Modules\\Dashboard\\Controllers\\DashboardController.php', 33, [])
 2 SYSTEMPATH\CodeIgniter.php(898): Modules\Dashboard\Controllers\DashboardController->clock_in()
 3 SYSTEMPATH\CodeIgniter.php(457): CodeIgniter\CodeIgniter->runController(Object(Modules\Dashboard\Controllers\DashboardController))
 4 SYSTEMPATH\CodeIgniter.php(340): CodeIgniter\CodeIgniter->handleRequest(null, Object(Config\Cache), false)
 5 FCPATH\index.php(67): CodeIgniter\CodeIgniter->run()
CRITICAL - 2022-08-16 22:42:58 --> Undefined variable: id
in ROOTPATH\Modules\Dashboard\Controllers\DashboardController.php on line 34.
 1 ROOTPATH\Modules\Dashboard\Controllers\DashboardController.php(34): CodeIgniter\Debug\Exceptions->errorHandler(8, 'Undefined variable: id', 'ROOTPATH\\Modules\\Dashboard\\Controllers\\DashboardController.php', 34, [])
 2 SYSTEMPATH\CodeIgniter.php(898): Modules\Dashboard\Controllers\DashboardController->clock_in()
 3 SYSTEMPATH\CodeIgniter.php(457): CodeIgniter\CodeIgniter->runController(Object(Modules\Dashboard\Controllers\DashboardController))
 4 SYSTEMPATH\CodeIgniter.php(340): CodeIgniter\CodeIgniter->handleRequest(null, Object(Config\Cache), false)
 5 FCPATH\index.php(67): CodeIgniter\CodeIgniter->run()
