CRITICAL - 2022-10-18 00:03:11 --> A non well formed numeric value encountered
in ROOTPATH\Modules\Timesheet\Controllers\TimesheetController.php on line 75.
 1 ROOTPATH\Modules\Timesheet\Controllers\TimesheetController.php(75): CodeIgniter\Debug\Exceptions->errorHandler(8, 'A non well formed numeric value encountered', 'ROOTPATH\\Modules\\Timesheet\\Controllers\\TimesheetController.php', 75, [...])
 2 SYSTEMPATH\CodeIgniter.php(898): Modules\Timesheet\Controllers\TimesheetController->timesheet_pdf()
 3 SYSTEMPATH\CodeIgniter.php(457): CodeIgniter\CodeIgniter->runController(Object(Modules\Timesheet\Controllers\TimesheetController))
 4 SYSTEMPATH\CodeIgniter.php(340): CodeIgniter\CodeIgniter->handleRequest(null, Object(Config\Cache), false)
 5 FCPATH\index.php(67): CodeIgniter\CodeIgniter->run()
CRITICAL - 2022-10-18 00:04:11 --> A non well formed numeric value encountered
in ROOTPATH\Modules\Timesheet\Controllers\TimesheetController.php on line 74.
 1 ROOTPATH\Modules\Timesheet\Controllers\TimesheetController.php(74): CodeIgniter\Debug\Exceptions->errorHandler(8, 'A non well formed numeric value encountered', 'ROOTPATH\\Modules\\Timesheet\\Controllers\\TimesheetController.php', 74, [...])
 2 SYSTEMPATH\CodeIgniter.php(898): Modules\Timesheet\Controllers\TimesheetController->timesheet_pdf()
 3 SYSTEMPATH\CodeIgniter.php(457): CodeIgniter\CodeIgniter->runController(Object(Modules\Timesheet\Controllers\TimesheetController))
 4 SYSTEMPATH\CodeIgniter.php(340): CodeIgniter\CodeIgniter->handleRequest(null, Object(Config\Cache), false)
 5 FCPATH\index.php(67): CodeIgniter\CodeIgniter->run()
CRITICAL - 2022-10-18 00:08:30 --> Undefined variable: total
in ROOTPATH\Modules\Timesheet\Controllers\TimesheetController.php on line 57.
 1 ROOTPATH\Modules\Timesheet\Controllers\TimesheetController.php(57): CodeIgniter\Debug\Exceptions->errorHandler(8, 'Undefined variable: total', 'ROOTPATH\\Modules\\Timesheet\\Controllers\\TimesheetController.php', 57, [...])
 2 SYSTEMPATH\CodeIgniter.php(898): Modules\Timesheet\Controllers\TimesheetController->timesheet_pdf()
 3 SYSTEMPATH\CodeIgniter.php(457): CodeIgniter\CodeIgniter->runController(Object(Modules\Timesheet\Controllers\TimesheetController))
 4 SYSTEMPATH\CodeIgniter.php(340): CodeIgniter\CodeIgniter->handleRequest(null, Object(Config\Cache), false)
 5 FCPATH\index.php(67): CodeIgniter\CodeIgniter->run()
CRITICAL - 2022-10-18 00:08:34 --> A non well formed numeric value encountered
in ROOTPATH\Modules\Timesheet\Controllers\TimesheetController.php on line 74.
 1 ROOTPATH\Modules\Timesheet\Controllers\TimesheetController.php(74): CodeIgniter\Debug\Exceptions->errorHandler(8, 'A non well formed numeric value encountered', 'ROOTPATH\\Modules\\Timesheet\\Controllers\\TimesheetController.php', 74, [...])
 2 SYSTEMPATH\CodeIgniter.php(898): Modules\Timesheet\Controllers\TimesheetController->timesheet_pdf()
 3 SYSTEMPATH\CodeIgniter.php(457): CodeIgniter\CodeIgniter->runController(Object(Modules\Timesheet\Controllers\TimesheetController))
 4 SYSTEMPATH\CodeIgniter.php(340): CodeIgniter\CodeIgniter->handleRequest(null, Object(Config\Cache), false)
 5 FCPATH\index.php(67): CodeIgniter\CodeIgniter->run()
CRITICAL - 2022-10-18 19:34:48 --> Undefined index: user_id
in ROOTPATH\Modules\Dashboard\Controllers\DashboardController.php on line 21.
 1 ROOTPATH\Modules\Dashboard\Controllers\DashboardController.php(21): CodeIgniter\Debug\Exceptions->errorHandler(8, 'Undefined index: user_id', 'ROOTPATH\\Modules\\Dashboard\\Controllers\\DashboardController.php', 21, [])
 2 SYSTEMPATH\CodeIgniter.php(898): Modules\Dashboard\Controllers\DashboardController->index()
 3 SYSTEMPATH\CodeIgniter.php(457): CodeIgniter\CodeIgniter->runController(Object(Modules\Dashboard\Controllers\DashboardController))
 4 SYSTEMPATH\CodeIgniter.php(340): CodeIgniter\CodeIgniter->handleRequest(null, Object(Config\Cache), false)
 5 FCPATH\index.php(67): CodeIgniter\CodeIgniter->run()
