CRITICAL - 2022-10-16 23:46:21 --> Min/max width is undefined for table rows
in VENDORPATH\dompdf\dompdf\src\FrameReflower\TableRow.php on line 80.
 1 VENDORPATH\dompdf\dompdf\src\FrameDecorator\AbstractFrameDecorator.php(921): Dompdf\FrameReflower\TableRow->get_min_max_width()
 2 VENDORPATH\dompdf\dompdf\src\FrameReflower\AbstractFrameReflower.php(420): Dompdf\FrameDecorator\AbstractFrameDecorator->get_min_max_width()
 3 VENDORPATH\dompdf\dompdf\src\FrameReflower\AbstractFrameReflower.php(437): Dompdf\FrameReflower\AbstractFrameReflower->get_min_max_child_width()
 4 VENDORPATH\dompdf\dompdf\src\FrameReflower\AbstractFrameReflower.php(458): Dompdf\FrameReflower\AbstractFrameReflower->get_min_max_content_width()
 5 VENDORPATH\dompdf\dompdf\src\FrameDecorator\AbstractFrameDecorator.php(921): Dompdf\FrameReflower\AbstractFrameReflower->get_min_max_width()
 6 VENDORPATH\dompdf\dompdf\src\FrameReflower\AbstractFrameReflower.php(396): Dompdf\FrameDecorator\AbstractFrameDecorator->get_min_max_width()
 7 VENDORPATH\dompdf\dompdf\src\FrameReflower\TableCell.php(143): Dompdf\FrameReflower\AbstractFrameReflower->get_min_max_child_width()
 8 VENDORPATH\dompdf\dompdf\src\FrameReflower\AbstractFrameReflower.php(458): Dompdf\FrameReflower\TableCell->get_min_max_content_width()
 9 VENDORPATH\dompdf\dompdf\src\FrameDecorator\AbstractFrameDecorator.php(921): Dompdf\FrameReflower\AbstractFrameReflower->get_min_max_width()
10 VENDORPATH\dompdf\dompdf\src\Cellmap.php(729): Dompdf\FrameDecorator\AbstractFrameDecorator->get_min_max_width()
11 VENDORPATH\dompdf\dompdf\src\Cellmap.php(604): Dompdf\Cellmap->calculate_column_widths()
12 VENDORPATH\dompdf\dompdf\src\FrameReflower\Table.php(460): Dompdf\Cellmap->add_frame(Object(Dompdf\FrameDecorator\Table))
13 VENDORPATH\dompdf\dompdf\src\FrameReflower\Table.php(331): Dompdf\FrameReflower\Table->get_min_max_width()
14 VENDORPATH\dompdf\dompdf\src\FrameDecorator\AbstractFrameDecorator.php(913): Dompdf\FrameReflower\Table->reflow(Object(Dompdf\FrameDecorator\Block))
15 VENDORPATH\dompdf\dompdf\src\FrameReflower\Block.php(866): Dompdf\FrameDecorator\AbstractFrameDecorator->reflow(Object(Dompdf\FrameDecorator\Block))
16 VENDORPATH\dompdf\dompdf\src\FrameDecorator\AbstractFrameDecorator.php(913): Dompdf\FrameReflower\Block->reflow(null)
17 VENDORPATH\dompdf\dompdf\src\FrameReflower\Page.php(142): Dompdf\FrameDecorator\AbstractFrameDecorator->reflow()
18 VENDORPATH\dompdf\dompdf\src\FrameDecorator\AbstractFrameDecorator.php(913): Dompdf\FrameReflower\Page->reflow(null)
19 VENDORPATH\dompdf\dompdf\src\Dompdf.php(765): Dompdf\FrameDecorator\AbstractFrameDecorator->reflow()
20 ROOTPATH\Modules\Timesheet\Controllers\TimesheetController.php(45): Dompdf\Dompdf->render()
21 SYSTEMPATH\CodeIgniter.php(898): Modules\Timesheet\Controllers\TimesheetController->timesheet_pdf()
22 SYSTEMPATH\CodeIgniter.php(457): CodeIgniter\CodeIgniter->runController(Object(Modules\Timesheet\Controllers\TimesheetController))
23 SYSTEMPATH\CodeIgniter.php(340): CodeIgniter\CodeIgniter->handleRequest(null, Object(Config\Cache), false)
24 FCPATH\index.php(67): CodeIgniter\CodeIgniter->run()
CRITICAL - 2022-10-16 23:46:27 --> Allowed memory size of 536870912 bytes exhausted (tried to allocate 266342400 bytes)
in APPPATH\Views\errors\html\error_exception.php on line 96.
 1 [internal function]: CodeIgniter\Debug\Exceptions->shutdownHandler()
CRITICAL - 2022-10-16 23:46:37 --> Min/max width is undefined for table rows
in VENDORPATH\dompdf\dompdf\src\FrameReflower\TableRow.php on line 80.
 1 VENDORPATH\dompdf\dompdf\src\FrameDecorator\AbstractFrameDecorator.php(921): Dompdf\FrameReflower\TableRow->get_min_max_width()
 2 VENDORPATH\dompdf\dompdf\src\FrameReflower\AbstractFrameReflower.php(420): Dompdf\FrameDecorator\AbstractFrameDecorator->get_min_max_width()
 3 VENDORPATH\dompdf\dompdf\src\FrameReflower\AbstractFrameReflower.php(437): Dompdf\FrameReflower\AbstractFrameReflower->get_min_max_child_width()
 4 VENDORPATH\dompdf\dompdf\src\FrameReflower\AbstractFrameReflower.php(458): Dompdf\FrameReflower\AbstractFrameReflower->get_min_max_content_width()
 5 VENDORPATH\dompdf\dompdf\src\FrameDecorator\AbstractFrameDecorator.php(921): Dompdf\FrameReflower\AbstractFrameReflower->get_min_max_width()
 6 VENDORPATH\dompdf\dompdf\src\FrameReflower\AbstractFrameReflower.php(396): Dompdf\FrameDecorator\AbstractFrameDecorator->get_min_max_width()
 7 VENDORPATH\dompdf\dompdf\src\FrameReflower\TableCell.php(143): Dompdf\FrameReflower\AbstractFrameReflower->get_min_max_child_width()
 8 VENDORPATH\dompdf\dompdf\src\FrameReflower\AbstractFrameReflower.php(458): Dompdf\FrameReflower\TableCell->get_min_max_content_width()
 9 VENDORPATH\dompdf\dompdf\src\FrameDecorator\AbstractFrameDecorator.php(921): Dompdf\FrameReflower\AbstractFrameReflower->get_min_max_width()
10 VENDORPATH\dompdf\dompdf\src\Cellmap.php(729): Dompdf\FrameDecorator\AbstractFrameDecorator->get_min_max_width()
11 VENDORPATH\dompdf\dompdf\src\Cellmap.php(604): Dompdf\Cellmap->calculate_column_widths()
12 VENDORPATH\dompdf\dompdf\src\FrameReflower\Table.php(460): Dompdf\Cellmap->add_frame(Object(Dompdf\FrameDecorator\Table))
13 VENDORPATH\dompdf\dompdf\src\FrameReflower\Table.php(331): Dompdf\FrameReflower\Table->get_min_max_width()
14 VENDORPATH\dompdf\dompdf\src\FrameDecorator\AbstractFrameDecorator.php(913): Dompdf\FrameReflower\Table->reflow(Object(Dompdf\FrameDecorator\Block))
15 VENDORPATH\dompdf\dompdf\src\FrameReflower\Block.php(866): Dompdf\FrameDecorator\AbstractFrameDecorator->reflow(Object(Dompdf\FrameDecorator\Block))
16 VENDORPATH\dompdf\dompdf\src\FrameDecorator\AbstractFrameDecorator.php(913): Dompdf\FrameReflower\Block->reflow(null)
17 VENDORPATH\dompdf\dompdf\src\FrameReflower\Page.php(142): Dompdf\FrameDecorator\AbstractFrameDecorator->reflow()
18 VENDORPATH\dompdf\dompdf\src\FrameDecorator\AbstractFrameDecorator.php(913): Dompdf\FrameReflower\Page->reflow(null)
19 VENDORPATH\dompdf\dompdf\src\Dompdf.php(765): Dompdf\FrameDecorator\AbstractFrameDecorator->reflow()
20 ROOTPATH\Modules\Timesheet\Controllers\TimesheetController.php(45): Dompdf\Dompdf->render()
21 SYSTEMPATH\CodeIgniter.php(898): Modules\Timesheet\Controllers\TimesheetController->timesheet_pdf()
22 SYSTEMPATH\CodeIgniter.php(457): CodeIgniter\CodeIgniter->runController(Object(Modules\Timesheet\Controllers\TimesheetController))
23 SYSTEMPATH\CodeIgniter.php(340): CodeIgniter\CodeIgniter->handleRequest(null, Object(Config\Cache), false)
24 FCPATH\index.php(67): CodeIgniter\CodeIgniter->run()
CRITICAL - 2022-10-16 23:46:42 --> Allowed memory size of 536870912 bytes exhausted (tried to allocate 264245248 bytes)
in APPPATH\Views\errors\html\error_exception.php on line 96.
 1 [internal function]: CodeIgniter\Debug\Exceptions->shutdownHandler()
CRITICAL - 2022-10-16 23:47:06 --> Min/max width is undefined for table rows
in VENDORPATH\dompdf\dompdf\src\FrameReflower\TableRow.php on line 80.
 1 VENDORPATH\dompdf\dompdf\src\FrameDecorator\AbstractFrameDecorator.php(921): Dompdf\FrameReflower\TableRow->get_min_max_width()
 2 VENDORPATH\dompdf\dompdf\src\FrameReflower\AbstractFrameReflower.php(420): Dompdf\FrameDecorator\AbstractFrameDecorator->get_min_max_width()
 3 VENDORPATH\dompdf\dompdf\src\FrameReflower\AbstractFrameReflower.php(437): Dompdf\FrameReflower\AbstractFrameReflower->get_min_max_child_width()
 4 VENDORPATH\dompdf\dompdf\src\FrameReflower\AbstractFrameReflower.php(458): Dompdf\FrameReflower\AbstractFrameReflower->get_min_max_content_width()
 5 VENDORPATH\dompdf\dompdf\src\FrameDecorator\AbstractFrameDecorator.php(921): Dompdf\FrameReflower\AbstractFrameReflower->get_min_max_width()
 6 VENDORPATH\dompdf\dompdf\src\FrameReflower\AbstractFrameReflower.php(396): Dompdf\FrameDecorator\AbstractFrameDecorator->get_min_max_width()
 7 VENDORPATH\dompdf\dompdf\src\FrameReflower\TableCell.php(143): Dompdf\FrameReflower\AbstractFrameReflower->get_min_max_child_width()
 8 VENDORPATH\dompdf\dompdf\src\FrameReflower\AbstractFrameReflower.php(458): Dompdf\FrameReflower\TableCell->get_min_max_content_width()
 9 VENDORPATH\dompdf\dompdf\src\FrameDecorator\AbstractFrameDecorator.php(921): Dompdf\FrameReflower\AbstractFrameReflower->get_min_max_width()
10 VENDORPATH\dompdf\dompdf\src\Cellmap.php(729): Dompdf\FrameDecorator\AbstractFrameDecorator->get_min_max_width()
11 VENDORPATH\dompdf\dompdf\src\Cellmap.php(604): Dompdf\Cellmap->calculate_column_widths()
12 VENDORPATH\dompdf\dompdf\src\FrameReflower\Table.php(460): Dompdf\Cellmap->add_frame(Object(Dompdf\FrameDecorator\Table))
13 VENDORPATH\dompdf\dompdf\src\FrameReflower\Table.php(331): Dompdf\FrameReflower\Table->get_min_max_width()
14 VENDORPATH\dompdf\dompdf\src\FrameDecorator\AbstractFrameDecorator.php(913): Dompdf\FrameReflower\Table->reflow(Object(Dompdf\FrameDecorator\Block))
15 VENDORPATH\dompdf\dompdf\src\FrameReflower\Block.php(866): Dompdf\FrameDecorator\AbstractFrameDecorator->reflow(Object(Dompdf\FrameDecorator\Block))
16 VENDORPATH\dompdf\dompdf\src\FrameDecorator\AbstractFrameDecorator.php(913): Dompdf\FrameReflower\Block->reflow(null)
17 VENDORPATH\dompdf\dompdf\src\FrameReflower\Page.php(142): Dompdf\FrameDecorator\AbstractFrameDecorator->reflow()
18 VENDORPATH\dompdf\dompdf\src\FrameDecorator\AbstractFrameDecorator.php(913): Dompdf\FrameReflower\Page->reflow(null)
19 VENDORPATH\dompdf\dompdf\src\Dompdf.php(765): Dompdf\FrameDecorator\AbstractFrameDecorator->reflow()
20 ROOTPATH\Modules\Timesheet\Controllers\TimesheetController.php(45): Dompdf\Dompdf->render()
21 SYSTEMPATH\CodeIgniter.php(898): Modules\Timesheet\Controllers\TimesheetController->timesheet_pdf()
22 SYSTEMPATH\CodeIgniter.php(457): CodeIgniter\CodeIgniter->runController(Object(Modules\Timesheet\Controllers\TimesheetController))
23 SYSTEMPATH\CodeIgniter.php(340): CodeIgniter\CodeIgniter->handleRequest(null, Object(Config\Cache), false)
24 FCPATH\index.php(67): CodeIgniter\CodeIgniter->run()
CRITICAL - 2022-10-16 23:47:10 --> Allowed memory size of 536870912 bytes exhausted (tried to allocate 266342400 bytes)
in APPPATH\Views\errors\html\error_exception.php on line 96.
 1 [internal function]: CodeIgniter\Debug\Exceptions->shutdownHandler()
CRITICAL - 2022-10-16 23:47:21 --> Frame not found in cellmap
in VENDORPATH\dompdf\dompdf\src\Cellmap.php on line 341.
 1 VENDORPATH\dompdf\dompdf\src\FrameReflower\TableCell.php(42): Dompdf\Cellmap->get_frame_position(Object(Dompdf\FrameDecorator\TableCell))
 2 VENDORPATH\dompdf\dompdf\src\FrameDecorator\AbstractFrameDecorator.php(913): Dompdf\FrameReflower\TableCell->reflow(Object(Dompdf\FrameDecorator\TableCell))
 3 VENDORPATH\dompdf\dompdf\src\FrameReflower\Inline.php(162): Dompdf\FrameDecorator\AbstractFrameDecorator->reflow(Object(Dompdf\FrameDecorator\TableCell))
 4 VENDORPATH\dompdf\dompdf\src\FrameDecorator\AbstractFrameDecorator.php(913): Dompdf\FrameReflower\Inline->reflow(Object(Dompdf\FrameDecorator\TableCell))
 5 VENDORPATH\dompdf\dompdf\src\FrameReflower\TableCell.php(95): Dompdf\FrameDecorator\AbstractFrameDecorator->reflow(Object(Dompdf\FrameDecorator\TableCell))
 6 VENDORPATH\dompdf\dompdf\src\FrameDecorator\AbstractFrameDecorator.php(913): Dompdf\FrameReflower\TableCell->reflow(null)
 7 VENDORPATH\dompdf\dompdf\src\FrameReflower\TableRow.php(56): Dompdf\FrameDecorator\AbstractFrameDecorator->reflow()
 8 VENDORPATH\dompdf\dompdf\src\FrameDecorator\AbstractFrameDecorator.php(913): Dompdf\FrameReflower\TableRow->reflow(null)
 9 VENDORPATH\dompdf\dompdf\src\FrameReflower\TableRowGroup.php(47): Dompdf\FrameDecorator\AbstractFrameDecorator->reflow()
10 VENDORPATH\dompdf\dompdf\src\FrameDecorator\AbstractFrameDecorator.php(913): Dompdf\FrameReflower\TableRowGroup->reflow(null)
11 VENDORPATH\dompdf\dompdf\src\FrameReflower\Table.php(414): Dompdf\FrameDecorator\AbstractFrameDecorator->reflow()
12 VENDORPATH\dompdf\dompdf\src\FrameDecorator\AbstractFrameDecorator.php(913): Dompdf\FrameReflower\Table->reflow(Object(Dompdf\FrameDecorator\Block))
13 VENDORPATH\dompdf\dompdf\src\FrameReflower\Block.php(866): Dompdf\FrameDecorator\AbstractFrameDecorator->reflow(Object(Dompdf\FrameDecorator\Block))
14 VENDORPATH\dompdf\dompdf\src\FrameDecorator\AbstractFrameDecorator.php(913): Dompdf\FrameReflower\Block->reflow(null)
15 VENDORPATH\dompdf\dompdf\src\FrameReflower\Page.php(142): Dompdf\FrameDecorator\AbstractFrameDecorator->reflow()
16 VENDORPATH\dompdf\dompdf\src\FrameDecorator\AbstractFrameDecorator.php(913): Dompdf\FrameReflower\Page->reflow(null)
17 VENDORPATH\dompdf\dompdf\src\Dompdf.php(765): Dompdf\FrameDecorator\AbstractFrameDecorator->reflow()
18 ROOTPATH\Modules\Timesheet\Controllers\TimesheetController.php(45): Dompdf\Dompdf->render()
19 SYSTEMPATH\CodeIgniter.php(898): Modules\Timesheet\Controllers\TimesheetController->timesheet_pdf()
20 SYSTEMPATH\CodeIgniter.php(457): CodeIgniter\CodeIgniter->runController(Object(Modules\Timesheet\Controllers\TimesheetController))
21 SYSTEMPATH\CodeIgniter.php(340): CodeIgniter\CodeIgniter->handleRequest(null, Object(Config\Cache), false)
22 FCPATH\index.php(67): CodeIgniter\CodeIgniter->run()
CRITICAL - 2022-10-16 23:47:26 --> Allowed memory size of 536870912 bytes exhausted (tried to allocate 266342400 bytes)
in APPPATH\Views\errors\html\error_exception.php on line 96.
 1 [internal function]: CodeIgniter\Debug\Exceptions->shutdownHandler()
CRITICAL - 2022-10-16 23:56:03 --> A non well formed numeric value encountered
in ROOTPATH\Modules\Timesheet\Views\timesheet_pdf.php on line 72.
 1 ROOTPATH\Modules\Timesheet\Views\timesheet_pdf.php(72): CodeIgniter\Debug\Exceptions->errorHandler(8, 'A non well formed numeric value encountered', 'ROOTPATH\\Modules\\Timesheet\\Views\\timesheet_pdf.php', 72, [...])
 2 SYSTEMPATH\View\View.php(213): include('ROOTPATH\\Modules\\Timesheet\\Views\\timesheet_pdf.php')
 3 SYSTEMPATH\View\View.php(216): CodeIgniter\View\View->CodeIgniter\View\{closure}()
 4 SYSTEMPATH\Common.php(1137): CodeIgniter\View\View->render('\\Modules\\Timesheet\\Views\\timesheet_pdf', [], true)
 5 ROOTPATH\Modules\Timesheet\Controllers\TimesheetController.php(43): view('\\Modules\\Timesheet\\Views\\timesheet_pdf', [...])
 6 SYSTEMPATH\CodeIgniter.php(898): Modules\Timesheet\Controllers\TimesheetController->timesheet_pdf()
 7 SYSTEMPATH\CodeIgniter.php(457): CodeIgniter\CodeIgniter->runController(Object(Modules\Timesheet\Controllers\TimesheetController))
 8 SYSTEMPATH\CodeIgniter.php(340): CodeIgniter\CodeIgniter->handleRequest(null, Object(Config\Cache), false)
 9 FCPATH\index.php(67): CodeIgniter\CodeIgniter->run()
CRITICAL - 2022-10-16 23:56:22 --> A non well formed numeric value encountered
in ROOTPATH\Modules\Timesheet\Views\timesheet_pdf.php on line 72.
 1 ROOTPATH\Modules\Timesheet\Views\timesheet_pdf.php(72): CodeIgniter\Debug\Exceptions->errorHandler(8, 'A non well formed numeric value encountered', 'ROOTPATH\\Modules\\Timesheet\\Views\\timesheet_pdf.php', 72, [...])
 2 SYSTEMPATH\View\View.php(213): include('ROOTPATH\\Modules\\Timesheet\\Views\\timesheet_pdf.php')
 3 SYSTEMPATH\View\View.php(216): CodeIgniter\View\View->CodeIgniter\View\{closure}()
 4 SYSTEMPATH\Common.php(1137): CodeIgniter\View\View->render('\\Modules\\Timesheet\\Views\\timesheet_pdf', [], true)
 5 ROOTPATH\Modules\Timesheet\Controllers\TimesheetController.php(43): view('\\Modules\\Timesheet\\Views\\timesheet_pdf', [...])
 6 SYSTEMPATH\CodeIgniter.php(898): Modules\Timesheet\Controllers\TimesheetController->timesheet_pdf()
 7 SYSTEMPATH\CodeIgniter.php(457): CodeIgniter\CodeIgniter->runController(Object(Modules\Timesheet\Controllers\TimesheetController))
 8 SYSTEMPATH\CodeIgniter.php(340): CodeIgniter\CodeIgniter->handleRequest(null, Object(Config\Cache), false)
 9 FCPATH\index.php(67): CodeIgniter\CodeIgniter->run()
