CRITICAL - 2022-09-07 22:14:36 --> Call to undefined method Modules\Users\Models\UsersModel::get_clients
in SYSTEMPATH\Model.php on line 773.
 1 ROOTPATH\Modules\Assignments\Controllers\AssignmentsController.php(23): CodeIgniter\Model->__call('get_clients', [])
 2 SYSTEMPATH\CodeIgniter.php(898): Modules\Assignments\Controllers\AssignmentsController->index()
 3 SYSTEMPATH\CodeIgniter.php(457): CodeIgniter\CodeIgniter->runController(Object(Modules\Assignments\Controllers\AssignmentsController))
 4 SYSTEMPATH\CodeIgniter.php(340): CodeIgniter\CodeIgniter->handleRequest(null, Object(Config\Cache), false)
 5 FCPATH\index.php(67): CodeIgniter\CodeIgniter->run()
CRITICAL - 2022-09-07 22:17:36 --> Call to undefined method CodeIgniter\Database\MySQLi\Connection::select()
in ROOTPATH\Modules\Assignments\Models\AssignmentsModel.php on line 53.
 1 ROOTPATH\Modules\Assignments\Controllers\AssignmentsController.php(23): Modules\Assignments\Models\AssignmentsModel->get_clients()
 2 SYSTEMPATH\CodeIgniter.php(898): Modules\Assignments\Controllers\AssignmentsController->index()
 3 SYSTEMPATH\CodeIgniter.php(457): CodeIgniter\CodeIgniter->runController(Object(Modules\Assignments\Controllers\AssignmentsController))
 4 SYSTEMPATH\CodeIgniter.php(340): CodeIgniter\CodeIgniter->handleRequest(null, Object(Config\Cache), false)
 5 FCPATH\index.php(67): CodeIgniter\CodeIgniter->run()
CRITICAL - 2022-09-07 22:22:16 --> Object of class stdClass could not be converted to string
in ROOTPATH\Modules\Assignments\Views\modals.php on line 17.
 1 SYSTEMPATH\View\View.php(213): include()
 2 SYSTEMPATH\View\View.php(216): CodeIgniter\View\View->CodeIgniter\View\{closure}()
 3 SYSTEMPATH\Common.php(1137): CodeIgniter\View\View->render('\\Modules\\Assignments\\Views\\modals', [], true)
 4 ROOTPATH\Modules\Assignments\Controllers\AssignmentsController.php(31): view('\\Modules\\Assignments\\Views\\modals', [...])
 5 SYSTEMPATH\CodeIgniter.php(898): Modules\Assignments\Controllers\AssignmentsController->index()
 6 SYSTEMPATH\CodeIgniter.php(457): CodeIgniter\CodeIgniter->runController(Object(Modules\Assignments\Controllers\AssignmentsController))
 7 SYSTEMPATH\CodeIgniter.php(340): CodeIgniter\CodeIgniter->handleRequest(null, Object(Config\Cache), false)
 8 FCPATH\index.php(67): CodeIgniter\CodeIgniter->run()
CRITICAL - 2022-09-07 23:05:08 --> Object of class stdClass could not be converted to string
in ROOTPATH\Modules\Assignments\Views\modals.php on line 17.
 1 SYSTEMPATH\View\View.php(213): include()
 2 SYSTEMPATH\View\View.php(216): CodeIgniter\View\View->CodeIgniter\View\{closure}()
 3 SYSTEMPATH\Common.php(1137): CodeIgniter\View\View->render('\\Modules\\Assignments\\Views\\modals', [], true)
 4 ROOTPATH\Modules\Assignments\Controllers\AssignmentsController.php(31): view('\\Modules\\Assignments\\Views\\modals', [...])
 5 SYSTEMPATH\CodeIgniter.php(898): Modules\Assignments\Controllers\AssignmentsController->index()
 6 SYSTEMPATH\CodeIgniter.php(457): CodeIgniter\CodeIgniter->runController(Object(Modules\Assignments\Controllers\AssignmentsController))
 7 SYSTEMPATH\CodeIgniter.php(340): CodeIgniter\CodeIgniter->handleRequest(null, Object(Config\Cache), false)
 8 FCPATH\index.php(67): CodeIgniter\CodeIgniter->run()
CRITICAL - 2022-09-07 23:08:54 --> Cannot use object of type stdClass as array
in ROOTPATH\Modules\Assignments\Views\modals.php on line 17.
 1 SYSTEMPATH\View\View.php(213): include()
 2 SYSTEMPATH\View\View.php(216): CodeIgniter\View\View->CodeIgniter\View\{closure}()
 3 SYSTEMPATH\Common.php(1137): CodeIgniter\View\View->render('\\Modules\\Assignments\\Views\\modals', [], true)
 4 ROOTPATH\Modules\Assignments\Controllers\AssignmentsController.php(31): view('\\Modules\\Assignments\\Views\\modals', [...])
 5 SYSTEMPATH\CodeIgniter.php(898): Modules\Assignments\Controllers\AssignmentsController->index()
 6 SYSTEMPATH\CodeIgniter.php(457): CodeIgniter\CodeIgniter->runController(Object(Modules\Assignments\Controllers\AssignmentsController))
 7 SYSTEMPATH\CodeIgniter.php(340): CodeIgniter\CodeIgniter->handleRequest(null, Object(Config\Cache), false)
 8 FCPATH\index.php(67): CodeIgniter\CodeIgniter->run()
