CRITICAL - 2022-08-10 01:42:55 --> Invalid argument supplied for foreach()
in APPPATH\Views\Defaults\footer.php on line 52.
 1 APPPATH\Views\Defaults\footer.php(52): CodeIgniter\Debug\Exceptions->errorHandler(2, 'Invalid argument supplied for foreach()', 'APPPATH\\Views\\Defaults\\footer.php', 52, [...])
 2 SYSTEMPATH\View\View.php(213): include('APPPATH\\Views\\Defaults\\footer.php')
 3 SYSTEMPATH\View\View.php(216): CodeIgniter\View\View->CodeIgniter\View\{closure}()
 4 SYSTEMPATH\Common.php(1137): CodeIgniter\View\View->render('defaults/footer', [], true)
 5 ROOTPATH\Modules\Dashboard\Controllers\DashboardController.php(15): view('defaults/footer')
 6 SYSTEMPATH\CodeIgniter.php(898): Modules\Dashboard\Controllers\DashboardController->index()
 7 SYSTEMPATH\CodeIgniter.php(457): CodeIgniter\CodeIgniter->runController(Object(Modules\Dashboard\Controllers\DashboardController))
 8 SYSTEMPATH\CodeIgniter.php(340): CodeIgniter\CodeIgniter->handleRequest(null, Object(Config\Cache), false)
 9 FCPATH\index.php(67): CodeIgniter\CodeIgniter->run()
CRITICAL - 2022-08-10 20:03:55 --> Undefined variable: js_scripts
in APPPATH\Views\Defaults\footer.php on line 52.
 1 APPPATH\Views\Defaults\footer.php(52): CodeIgniter\Debug\Exceptions->errorHandler(8, 'Undefined variable: js_scripts', 'APPPATH\\Views\\Defaults\\footer.php', 52, [...])
 2 SYSTEMPATH\View\View.php(213): include('APPPATH\\Views\\Defaults\\footer.php')
 3 SYSTEMPATH\View\View.php(216): CodeIgniter\View\View->CodeIgniter\View\{closure}()
 4 SYSTEMPATH\Common.php(1137): CodeIgniter\View\View->render('defaults/footer', [], true)
 5 APPPATH\Controllers\Login.php(25): view('defaults/footer')
 6 SYSTEMPATH\CodeIgniter.php(898): App\Controllers\Login->index()
 7 SYSTEMPATH\CodeIgniter.php(457): CodeIgniter\CodeIgniter->runController(Object(App\Controllers\Login))
 8 SYSTEMPATH\CodeIgniter.php(340): CodeIgniter\CodeIgniter->handleRequest(null, Object(Config\Cache), false)
 9 FCPATH\index.php(67): CodeIgniter\CodeIgniter->run()
CRITICAL - 2022-08-10 20:06:46 --> Undefined variable: js_scripts
in APPPATH\Views\Defaults\footer.php on line 52.
 1 APPPATH\Views\Defaults\footer.php(52): CodeIgniter\Debug\Exceptions->errorHandler(8, 'Undefined variable: js_scripts', 'APPPATH\\Views\\Defaults\\footer.php', 52, [...])
 2 SYSTEMPATH\View\View.php(213): include('APPPATH\\Views\\Defaults\\footer.php')
 3 SYSTEMPATH\View\View.php(216): CodeIgniter\View\View->CodeIgniter\View\{closure}()
 4 SYSTEMPATH\Common.php(1137): CodeIgniter\View\View->render('defaults/footer', [], true)
 5 APPPATH\Controllers\Login.php(25): view('defaults/footer')
 6 SYSTEMPATH\CodeIgniter.php(898): App\Controllers\Login->index()
 7 SYSTEMPATH\CodeIgniter.php(457): CodeIgniter\CodeIgniter->runController(Object(App\Controllers\Login))
 8 SYSTEMPATH\CodeIgniter.php(340): CodeIgniter\CodeIgniter->handleRequest(null, Object(Config\Cache), false)
 9 FCPATH\index.php(67): CodeIgniter\CodeIgniter->run()
CRITICAL - 2022-08-10 20:23:47 --> Undefined variable: js_scripts
in APPPATH\Views\Defaults\footer.php on line 52.
 1 APPPATH\Views\Defaults\footer.php(52): CodeIgniter\Debug\Exceptions->errorHandler(8, 'Undefined variable: js_scripts', 'APPPATH\\Views\\Defaults\\footer.php', 52, [...])
 2 SYSTEMPATH\View\View.php(213): include('APPPATH\\Views\\Defaults\\footer.php')
 3 SYSTEMPATH\View\View.php(216): CodeIgniter\View\View->CodeIgniter\View\{closure}()
 4 SYSTEMPATH\Common.php(1137): CodeIgniter\View\View->render('defaults/footer', [], true)
 5 APPPATH\Controllers\Login.php(25): view('defaults/footer')
 6 SYSTEMPATH\CodeIgniter.php(898): App\Controllers\Login->index()
 7 SYSTEMPATH\CodeIgniter.php(457): CodeIgniter\CodeIgniter->runController(Object(App\Controllers\Login))
 8 SYSTEMPATH\CodeIgniter.php(340): CodeIgniter\CodeIgniter->handleRequest(null, Object(Config\Cache), false)
 9 FCPATH\index.php(67): CodeIgniter\CodeIgniter->run()
CRITICAL - 2022-08-10 22:09:52 --> Array to string conversion
in APPPATH\Views\Defaults\login_footer.php on line 48.
 1 APPPATH\Views\Defaults\login_footer.php(48): CodeIgniter\Debug\Exceptions->errorHandler(8, 'Array to string conversion', 'APPPATH\\Views\\Defaults\\login_footer.php', 48, [...])
 2 SYSTEMPATH\View\View.php(213): include('APPPATH\\Views\\Defaults\\login_footer.php')
 3 SYSTEMPATH\View\View.php(216): CodeIgniter\View\View->CodeIgniter\View\{closure}()
 4 SYSTEMPATH\Common.php(1137): CodeIgniter\View\View->render('defaults/login_footer', [], true)
 5 APPPATH\Controllers\Login.php(27): view('defaults/login_footer', [...])
 6 SYSTEMPATH\CodeIgniter.php(898): App\Controllers\Login->index()
 7 SYSTEMPATH\CodeIgniter.php(457): CodeIgniter\CodeIgniter->runController(Object(App\Controllers\Login))
 8 SYSTEMPATH\CodeIgniter.php(340): CodeIgniter\CodeIgniter->handleRequest(null, Object(Config\Cache), false)
 9 FCPATH\index.php(67): CodeIgniter\CodeIgniter->run()
CRITICAL - 2022-08-10 22:32:08 --> Undefined property: App\Controllers\Login::$input
in APPPATH\Controllers\Login.php on line 32.
 1 APPPATH\Controllers\Login.php(32): CodeIgniter\Debug\Exceptions->errorHandler(8, 'Undefined property: App\\Controllers\\Login::$input', 'APPPATH\\Controllers\\Login.php', 32, [])
 2 SYSTEMPATH\CodeIgniter.php(898): App\Controllers\Login->login()
 3 SYSTEMPATH\CodeIgniter.php(457): CodeIgniter\CodeIgniter->runController(Object(App\Controllers\Login))
 4 SYSTEMPATH\CodeIgniter.php(340): CodeIgniter\CodeIgniter->handleRequest(null, Object(Config\Cache), false)
 5 FCPATH\index.php(67): CodeIgniter\CodeIgniter->run()
CRITICAL - 2022-08-10 22:32:35 --> Undefined property: App\Controllers\Login::$input
in APPPATH\Controllers\Login.php on line 32.
 1 APPPATH\Controllers\Login.php(32): CodeIgniter\Debug\Exceptions->errorHandler(8, 'Undefined property: App\\Controllers\\Login::$input', 'APPPATH\\Controllers\\Login.php', 32, [])
 2 SYSTEMPATH\CodeIgniter.php(898): App\Controllers\Login->login()
 3 SYSTEMPATH\CodeIgniter.php(457): CodeIgniter\CodeIgniter->runController(Object(App\Controllers\Login))
 4 SYSTEMPATH\CodeIgniter.php(340): CodeIgniter\CodeIgniter->handleRequest(null, Object(Config\Cache), false)
 5 FCPATH\index.php(67): CodeIgniter\CodeIgniter->run()
CRITICAL - 2022-08-10 22:33:04 --> Undefined property: App\Controllers\Login::$input
in APPPATH\Controllers\Login.php on line 32.
 1 APPPATH\Controllers\Login.php(32): CodeIgniter\Debug\Exceptions->errorHandler(8, 'Undefined property: App\\Controllers\\Login::$input', 'APPPATH\\Controllers\\Login.php', 32, [])
 2 SYSTEMPATH\CodeIgniter.php(898): App\Controllers\Login->login()
 3 SYSTEMPATH\CodeIgniter.php(457): CodeIgniter\CodeIgniter->runController(Object(App\Controllers\Login))
 4 SYSTEMPATH\CodeIgniter.php(340): CodeIgniter\CodeIgniter->handleRequest(null, Object(Config\Cache), false)
 5 FCPATH\index.php(67): CodeIgniter\CodeIgniter->run()
CRITICAL - 2022-08-10 22:35:38 --> Undefined variable: username
in APPPATH\Controllers\Login.php on line 37.
 1 APPPATH\Controllers\Login.php(37): CodeIgniter\Debug\Exceptions->errorHandler(8, 'Undefined variable: username', 'APPPATH\\Controllers\\Login.php', 37, [])
 2 SYSTEMPATH\CodeIgniter.php(898): App\Controllers\Login->login()
 3 SYSTEMPATH\CodeIgniter.php(457): CodeIgniter\CodeIgniter->runController(Object(App\Controllers\Login))
 4 SYSTEMPATH\CodeIgniter.php(340): CodeIgniter\CodeIgniter->handleRequest(null, Object(Config\Cache), false)
 5 FCPATH\index.php(67): CodeIgniter\CodeIgniter->run()
CRITICAL - 2022-08-10 22:47:23 --> Encrypter needs a starter key.
in SYSTEMPATH\Encryption\Encryption.php on line 124.
 1 SYSTEMPATH\Encryption\Encryption.php(124): CodeIgniter\Encryption\Exceptions\EncryptionException::forNeedsStarterKey()
 2 SYSTEMPATH\Config\Services.php(240): CodeIgniter\Encryption\Encryption->initialize(Object(Config\Encryption))
 3 SYSTEMPATH\Config\BaseService.php(253): CodeIgniter\Config\Services::encrypter()
 4 APPPATH\Controllers\Login.php(32): CodeIgniter\Config\BaseService::__callStatic('encrypter', [])
 5 SYSTEMPATH\CodeIgniter.php(898): App\Controllers\Login->login()
 6 SYSTEMPATH\CodeIgniter.php(457): CodeIgniter\CodeIgniter->runController(Object(App\Controllers\Login))
 7 SYSTEMPATH\CodeIgniter.php(340): CodeIgniter\CodeIgniter->handleRequest(null, Object(Config\Cache), false)
 8 FCPATH\index.php(67): CodeIgniter\CodeIgniter->run()
CRITICAL - 2022-08-10 22:50:56 --> Encrypter needs a starter key.
in SYSTEMPATH\Encryption\Encryption.php on line 124.
 1 SYSTEMPATH\Encryption\Encryption.php(124): CodeIgniter\Encryption\Exceptions\EncryptionException::forNeedsStarterKey()
 2 SYSTEMPATH\Config\Services.php(240): CodeIgniter\Encryption\Encryption->initialize(Object(Config\Encryption))
 3 SYSTEMPATH\Config\BaseService.php(253): CodeIgniter\Config\Services::encrypter()
 4 APPPATH\Controllers\Login.php(32): CodeIgniter\Config\BaseService::__callStatic('encrypter', [])
 5 SYSTEMPATH\CodeIgniter.php(898): App\Controllers\Login->login()
 6 SYSTEMPATH\CodeIgniter.php(457): CodeIgniter\CodeIgniter->runController(Object(App\Controllers\Login))
 7 SYSTEMPATH\CodeIgniter.php(340): CodeIgniter\CodeIgniter->handleRequest(null, Object(Config\Cache), false)
 8 FCPATH\index.php(67): CodeIgniter\CodeIgniter->run()
CRITICAL - 2022-08-10 22:52:10 --> Encrypter needs a starter key.
in SYSTEMPATH\Encryption\Encryption.php on line 124.
 1 SYSTEMPATH\Encryption\Encryption.php(124): CodeIgniter\Encryption\Exceptions\EncryptionException::forNeedsStarterKey()
 2 SYSTEMPATH\Config\Services.php(240): CodeIgniter\Encryption\Encryption->initialize(Object(Config\Encryption))
 3 SYSTEMPATH\Config\BaseService.php(253): CodeIgniter\Config\Services::encrypter()
 4 APPPATH\Controllers\Login.php(32): CodeIgniter\Config\BaseService::__callStatic('encrypter', [])
 5 SYSTEMPATH\CodeIgniter.php(898): App\Controllers\Login->login()
 6 SYSTEMPATH\CodeIgniter.php(457): CodeIgniter\CodeIgniter->runController(Object(App\Controllers\Login))
 7 SYSTEMPATH\CodeIgniter.php(340): CodeIgniter\CodeIgniter->handleRequest(null, Object(Config\Cache), false)
 8 FCPATH\index.php(67): CodeIgniter\CodeIgniter->run()
CRITICAL - 2022-08-10 22:54:50 --> Encrypter needs a starter key.
in SYSTEMPATH\Encryption\Encryption.php on line 124.
 1 SYSTEMPATH\Encryption\Encryption.php(124): CodeIgniter\Encryption\Exceptions\EncryptionException::forNeedsStarterKey()
 2 SYSTEMPATH\Config\Services.php(240): CodeIgniter\Encryption\Encryption->initialize(Object(Config\Encryption))
 3 SYSTEMPATH\Config\BaseService.php(253): CodeIgniter\Config\Services::encrypter()
 4 APPPATH\Controllers\Login.php(35): CodeIgniter\Config\BaseService::__callStatic('encrypter', [])
 5 SYSTEMPATH\CodeIgniter.php(898): App\Controllers\Login->login()
 6 SYSTEMPATH\CodeIgniter.php(457): CodeIgniter\CodeIgniter->runController(Object(App\Controllers\Login))
 7 SYSTEMPATH\CodeIgniter.php(340): CodeIgniter\CodeIgniter->handleRequest(null, Object(Config\Cache), false)
 8 FCPATH\index.php(67): CodeIgniter\CodeIgniter->run()
CRITICAL - 2022-08-10 23:12:03 --> Class 'Models\LoginModel' not found
in APPPATH\Controllers\Login.php on line 32.
 1 SYSTEMPATH\CodeIgniter.php(898): App\Controllers\Login->login()
 2 SYSTEMPATH\CodeIgniter.php(457): CodeIgniter\CodeIgniter->runController(Object(App\Controllers\Login))
 3 SYSTEMPATH\CodeIgniter.php(340): CodeIgniter\CodeIgniter->handleRequest(null, Object(Config\Cache), false)
 4 FCPATH\index.php(67): CodeIgniter\CodeIgniter->run()
CRITICAL - 2022-08-10 23:12:06 --> Class 'Models\LoginModel' not found
in APPPATH\Controllers\Login.php on line 32.
 1 SYSTEMPATH\CodeIgniter.php(898): App\Controllers\Login->login()
 2 SYSTEMPATH\CodeIgniter.php(457): CodeIgniter\CodeIgniter->runController(Object(App\Controllers\Login))
 3 SYSTEMPATH\CodeIgniter.php(340): CodeIgniter\CodeIgniter->handleRequest(null, Object(Config\Cache), false)
 4 FCPATH\index.php(67): CodeIgniter\CodeIgniter->run()
CRITICAL - 2022-08-10 23:15:22 --> Class 'Models\LoginModel' not found
in APPPATH\Controllers\Login.php on line 32.
 1 SYSTEMPATH\CodeIgniter.php(898): App\Controllers\Login->login()
 2 SYSTEMPATH\CodeIgniter.php(457): CodeIgniter\CodeIgniter->runController(Object(App\Controllers\Login))
 3 SYSTEMPATH\CodeIgniter.php(340): CodeIgniter\CodeIgniter->handleRequest(null, Object(Config\Cache), false)
 4 FCPATH\index.php(67): CodeIgniter\CodeIgniter->run()
CRITICAL - 2022-08-10 23:16:13 --> Class 'app\Models\LoginModel' not found
in APPPATH\Controllers\Login.php on line 32.
 1 SYSTEMPATH\CodeIgniter.php(898): App\Controllers\Login->login()
 2 SYSTEMPATH\CodeIgniter.php(457): CodeIgniter\CodeIgniter->runController(Object(App\Controllers\Login))
 3 SYSTEMPATH\CodeIgniter.php(340): CodeIgniter\CodeIgniter->handleRequest(null, Object(Config\Cache), false)
 4 FCPATH\index.php(67): CodeIgniter\CodeIgniter->run()
CRITICAL - 2022-08-10 23:16:15 --> Class 'app\Models\LoginModel' not found
in APPPATH\Controllers\Login.php on line 32.
 1 SYSTEMPATH\CodeIgniter.php(898): App\Controllers\Login->login()
 2 SYSTEMPATH\CodeIgniter.php(457): CodeIgniter\CodeIgniter->runController(Object(App\Controllers\Login))
 3 SYSTEMPATH\CodeIgniter.php(340): CodeIgniter\CodeIgniter->handleRequest(null, Object(Config\Cache), false)
 4 FCPATH\index.php(67): CodeIgniter\CodeIgniter->run()
CRITICAL - 2022-08-10 23:17:26 --> Declaration of App\Models\LoginModel::validate($data = Array) must be compatible with CodeIgniter\BaseModel::validate($data): bool
in APPPATH\Models\LoginModel.php on line 43.
 1 [internal function]: CodeIgniter\Debug\Exceptions->shutdownHandler()
CRITICAL - 2022-08-10 23:19:49 --> Call to undefined method CodeIgniter\Database\MySQLi\Connection::where()
in APPPATH\Models\LoginModel.php on line 45.
 1 APPPATH\Controllers\Login.php(42): App\Models\LoginModel->check_user([...])
 2 SYSTEMPATH\CodeIgniter.php(898): App\Controllers\Login->login()
 3 SYSTEMPATH\CodeIgniter.php(457): CodeIgniter\CodeIgniter->runController(Object(App\Controllers\Login))
 4 SYSTEMPATH\CodeIgniter.php(340): CodeIgniter\CodeIgniter->handleRequest(null, Object(Config\Cache), false)
 5 FCPATH\index.php(67): CodeIgniter\CodeIgniter->run()
CRITICAL - 2022-08-10 23:20:31 --> Call to undefined method CodeIgniter\Database\MySQLi\Connection::where()
in APPPATH\Models\LoginModel.php on line 45.
 1 APPPATH\Controllers\Login.php(42): App\Models\LoginModel->check_user([...])
 2 SYSTEMPATH\CodeIgniter.php(898): App\Controllers\Login->login()
 3 SYSTEMPATH\CodeIgniter.php(457): CodeIgniter\CodeIgniter->runController(Object(App\Controllers\Login))
 4 SYSTEMPATH\CodeIgniter.php(340): CodeIgniter\CodeIgniter->handleRequest(null, Object(Config\Cache), false)
 5 FCPATH\index.php(67): CodeIgniter\CodeIgniter->run()
ERROR - 2022-08-10 23:20:44 --> mysqli_sql_exception: Unknown column 'username' in 'where clause' in C:\laragon\www\csm\system\Database\MySQLi\Connection.php:292
Stack trace:
#0 C:\laragon\www\csm\system\Database\MySQLi\Connection.php(292): mysqli->query('SELECT `u`.`id`...', 0)
#1 C:\laragon\www\csm\system\Database\BaseConnection.php(693): CodeIgniter\Database\MySQLi\Connection->execute('SELECT `u`.`id`...')
#2 C:\laragon\www\csm\system\Database\BaseConnection.php(620): CodeIgniter\Database\BaseConnection->simpleQuery('SELECT `u`.`id`...')
#3 C:\laragon\www\csm\system\Database\BaseBuilder.php(1585): CodeIgniter\Database\BaseConnection->query('SELECT `u`.`id`...', Array, false)
#4 C:\laragon\www\csm\app\Models\LoginModel.php(46): CodeIgniter\Database\BaseBuilder->get()
#5 C:\laragon\www\csm\app\Controllers\Login.php(42): App\Models\LoginModel->check_user(Array)
#6 C:\laragon\www\csm\system\CodeIgniter.php(898): App\Controllers\Login->login()
#7 C:\laragon\www\csm\system\CodeIgniter.php(457): CodeIgniter\CodeIgniter->runController(Object(App\Controllers\Login))
#8 C:\laragon\www\csm\system\CodeIgniter.php(340): CodeIgniter\CodeIgniter->handleRequest(NULL, Object(Config\Cache), false)
#9 C:\laragon\www\csm\public\index.php(67): CodeIgniter\CodeIgniter->run()
#10 {main}
CRITICAL - 2022-08-10 23:20:44 --> Call to a member function result_array() on bool
in APPPATH\Models\LoginModel.php on line 46.
 1 APPPATH\Controllers\Login.php(42): App\Models\LoginModel->check_user([...])
 2 SYSTEMPATH\CodeIgniter.php(898): App\Controllers\Login->login()
 3 SYSTEMPATH\CodeIgniter.php(457): CodeIgniter\CodeIgniter->runController(Object(App\Controllers\Login))
 4 SYSTEMPATH\CodeIgniter.php(340): CodeIgniter\CodeIgniter->handleRequest(null, Object(Config\Cache), false)
 5 FCPATH\index.php(67): CodeIgniter\CodeIgniter->run()
ERROR - 2022-08-10 23:20:50 --> mysqli_sql_exception: Unknown column 'username' in 'where clause' in C:\laragon\www\csm\system\Database\MySQLi\Connection.php:292
Stack trace:
#0 C:\laragon\www\csm\system\Database\MySQLi\Connection.php(292): mysqli->query('SELECT `u`.`id`...', 0)
#1 C:\laragon\www\csm\system\Database\BaseConnection.php(693): CodeIgniter\Database\MySQLi\Connection->execute('SELECT `u`.`id`...')
#2 C:\laragon\www\csm\system\Database\BaseConnection.php(620): CodeIgniter\Database\BaseConnection->simpleQuery('SELECT `u`.`id`...')
#3 C:\laragon\www\csm\system\Database\BaseBuilder.php(1585): CodeIgniter\Database\BaseConnection->query('SELECT `u`.`id`...', Array, false)
#4 C:\laragon\www\csm\app\Models\LoginModel.php(47): CodeIgniter\Database\BaseBuilder->get()
#5 C:\laragon\www\csm\app\Controllers\Login.php(42): App\Models\LoginModel->check_user(Array)
#6 C:\laragon\www\csm\system\CodeIgniter.php(898): App\Controllers\Login->login()
#7 C:\laragon\www\csm\system\CodeIgniter.php(457): CodeIgniter\CodeIgniter->runController(Object(App\Controllers\Login))
#8 C:\laragon\www\csm\system\CodeIgniter.php(340): CodeIgniter\CodeIgniter->handleRequest(NULL, Object(Config\Cache), false)
#9 C:\laragon\www\csm\public\index.php(67): CodeIgniter\CodeIgniter->run()
#10 {main}
CRITICAL - 2022-08-10 23:20:50 --> Call to a member function result() on bool
in APPPATH\Models\LoginModel.php on line 47.
 1 APPPATH\Controllers\Login.php(42): App\Models\LoginModel->check_user([...])
 2 SYSTEMPATH\CodeIgniter.php(898): App\Controllers\Login->login()
 3 SYSTEMPATH\CodeIgniter.php(457): CodeIgniter\CodeIgniter->runController(Object(App\Controllers\Login))
 4 SYSTEMPATH\CodeIgniter.php(340): CodeIgniter\CodeIgniter->handleRequest(null, Object(Config\Cache), false)
 5 FCPATH\index.php(67): CodeIgniter\CodeIgniter->run()
ERROR - 2022-08-10 23:21:07 --> mysqli_sql_exception: Unknown column 'username' in 'where clause' in C:\laragon\www\csm\system\Database\MySQLi\Connection.php:292
Stack trace:
#0 C:\laragon\www\csm\system\Database\MySQLi\Connection.php(292): mysqli->query('SELECT `u`.`id`...', 0)
#1 C:\laragon\www\csm\system\Database\BaseConnection.php(693): CodeIgniter\Database\MySQLi\Connection->execute('SELECT `u`.`id`...')
#2 C:\laragon\www\csm\system\Database\BaseConnection.php(620): CodeIgniter\Database\BaseConnection->simpleQuery('SELECT `u`.`id`...')
#3 C:\laragon\www\csm\system\Database\BaseBuilder.php(1585): CodeIgniter\Database\BaseConnection->query('SELECT `u`.`id`...', Array, false)
#4 C:\laragon\www\csm\app\Models\LoginModel.php(46): CodeIgniter\Database\BaseBuilder->get()
#5 C:\laragon\www\csm\app\Controllers\Login.php(42): App\Models\LoginModel->check_user(Array)
#6 C:\laragon\www\csm\system\CodeIgniter.php(898): App\Controllers\Login->login()
#7 C:\laragon\www\csm\system\CodeIgniter.php(457): CodeIgniter\CodeIgniter->runController(Object(App\Controllers\Login))
#8 C:\laragon\www\csm\system\CodeIgniter.php(340): CodeIgniter\CodeIgniter->handleRequest(NULL, Object(Config\Cache), false)
#9 C:\laragon\www\csm\public\index.php(67): CodeIgniter\CodeIgniter->run()
#10 {main}
CRITICAL - 2022-08-10 23:21:07 --> Call to a member function result() on bool
in APPPATH\Models\LoginModel.php on line 46.
 1 APPPATH\Controllers\Login.php(42): App\Models\LoginModel->check_user([...])
 2 SYSTEMPATH\CodeIgniter.php(898): App\Controllers\Login->login()
 3 SYSTEMPATH\CodeIgniter.php(457): CodeIgniter\CodeIgniter->runController(Object(App\Controllers\Login))
 4 SYSTEMPATH\CodeIgniter.php(340): CodeIgniter\CodeIgniter->handleRequest(null, Object(Config\Cache), false)
 5 FCPATH\index.php(67): CodeIgniter\CodeIgniter->run()
ERROR - 2022-08-10 23:23:56 --> mysqli_sql_exception: Unknown column 'username' in 'where clause' in C:\laragon\www\csm\system\Database\MySQLi\Connection.php:292
Stack trace:
#0 C:\laragon\www\csm\system\Database\MySQLi\Connection.php(292): mysqli->query('SELECT `u`.`id`...', 0)
#1 C:\laragon\www\csm\system\Database\BaseConnection.php(693): CodeIgniter\Database\MySQLi\Connection->execute('SELECT `u`.`id`...')
#2 C:\laragon\www\csm\system\Database\BaseConnection.php(620): CodeIgniter\Database\BaseConnection->simpleQuery('SELECT `u`.`id`...')
#3 C:\laragon\www\csm\system\Database\BaseBuilder.php(1585): CodeIgniter\Database\BaseConnection->query('SELECT `u`.`id`...', Array, false)
#4 C:\laragon\www\csm\app\Models\LoginModel.php(46): CodeIgniter\Database\BaseBuilder->get()
#5 C:\laragon\www\csm\app\Controllers\Login.php(42): App\Models\LoginModel->check_user(Array)
#6 C:\laragon\www\csm\system\CodeIgniter.php(898): App\Controllers\Login->login()
#7 C:\laragon\www\csm\system\CodeIgniter.php(457): CodeIgniter\CodeIgniter->runController(Object(App\Controllers\Login))
#8 C:\laragon\www\csm\system\CodeIgniter.php(340): CodeIgniter\CodeIgniter->handleRequest(NULL, Object(Config\Cache), false)
#9 C:\laragon\www\csm\public\index.php(67): CodeIgniter\CodeIgniter->run()
#10 {main}
CRITICAL - 2022-08-10 23:23:56 --> Call to a member function result() on bool
in APPPATH\Models\LoginModel.php on line 46.
 1 APPPATH\Controllers\Login.php(42): App\Models\LoginModel->check_user([...])
 2 SYSTEMPATH\CodeIgniter.php(898): App\Controllers\Login->login()
 3 SYSTEMPATH\CodeIgniter.php(457): CodeIgniter\CodeIgniter->runController(Object(App\Controllers\Login))
 4 SYSTEMPATH\CodeIgniter.php(340): CodeIgniter\CodeIgniter->handleRequest(null, Object(Config\Cache), false)
 5 FCPATH\index.php(67): CodeIgniter\CodeIgniter->run()
ERROR - 2022-08-10 23:26:10 --> mysqli_sql_exception: Unknown column 'username' in 'where clause' in C:\laragon\www\csm\system\Database\MySQLi\Connection.php:292
Stack trace:
#0 C:\laragon\www\csm\system\Database\MySQLi\Connection.php(292): mysqli->query('SELECT `u`.`id`...', 0)
#1 C:\laragon\www\csm\system\Database\BaseConnection.php(693): CodeIgniter\Database\MySQLi\Connection->execute('SELECT `u`.`id`...')
#2 C:\laragon\www\csm\system\Database\BaseConnection.php(620): CodeIgniter\Database\BaseConnection->simpleQuery('SELECT `u`.`id`...')
#3 C:\laragon\www\csm\system\Database\BaseBuilder.php(1585): CodeIgniter\Database\BaseConnection->query('SELECT `u`.`id`...', Array, false)
#4 C:\laragon\www\csm\app\Models\LoginModel.php(46): CodeIgniter\Database\BaseBuilder->get()
#5 C:\laragon\www\csm\app\Controllers\Login.php(42): App\Models\LoginModel->check_user(Array)
#6 C:\laragon\www\csm\system\CodeIgniter.php(898): App\Controllers\Login->login()
#7 C:\laragon\www\csm\system\CodeIgniter.php(457): CodeIgniter\CodeIgniter->runController(Object(App\Controllers\Login))
#8 C:\laragon\www\csm\system\CodeIgniter.php(340): CodeIgniter\CodeIgniter->handleRequest(NULL, Object(Config\Cache), false)
#9 C:\laragon\www\csm\public\index.php(67): CodeIgniter\CodeIgniter->run()
#10 {main}
ERROR - 2022-08-10 23:27:11 --> mysqli_sql_exception: Unknown column 'username' in 'where clause' in C:\laragon\www\csm\system\Database\MySQLi\Connection.php:292
Stack trace:
#0 C:\laragon\www\csm\system\Database\MySQLi\Connection.php(292): mysqli->query('SELECT `u`.`id`...', 0)
#1 C:\laragon\www\csm\system\Database\BaseConnection.php(693): CodeIgniter\Database\MySQLi\Connection->execute('SELECT `u`.`id`...')
#2 C:\laragon\www\csm\system\Database\BaseConnection.php(620): CodeIgniter\Database\BaseConnection->simpleQuery('SELECT `u`.`id`...')
#3 C:\laragon\www\csm\system\Database\BaseBuilder.php(1585): CodeIgniter\Database\BaseConnection->query('SELECT `u`.`id`...', Array, false)
#4 C:\laragon\www\csm\app\Models\LoginModel.php(46): CodeIgniter\Database\BaseBuilder->get()
#5 C:\laragon\www\csm\app\Controllers\Login.php(42): App\Models\LoginModel->check_user(Array)
#6 C:\laragon\www\csm\system\CodeIgniter.php(898): App\Controllers\Login->login()
#7 C:\laragon\www\csm\system\CodeIgniter.php(457): CodeIgniter\CodeIgniter->runController(Object(App\Controllers\Login))
#8 C:\laragon\www\csm\system\CodeIgniter.php(340): CodeIgniter\CodeIgniter->handleRequest(NULL, Object(Config\Cache), false)
#9 C:\laragon\www\csm\public\index.php(67): CodeIgniter\CodeIgniter->run()
#10 {main}
ERROR - 2022-08-10 23:27:47 --> mysqli_sql_exception: Unknown column 'username' in 'where clause' in C:\laragon\www\csm\system\Database\MySQLi\Connection.php:292
Stack trace:
#0 C:\laragon\www\csm\system\Database\MySQLi\Connection.php(292): mysqli->query('SELECT `u`.`id`...', 0)
#1 C:\laragon\www\csm\system\Database\BaseConnection.php(693): CodeIgniter\Database\MySQLi\Connection->execute('SELECT `u`.`id`...')
#2 C:\laragon\www\csm\system\Database\BaseConnection.php(620): CodeIgniter\Database\BaseConnection->simpleQuery('SELECT `u`.`id`...')
#3 C:\laragon\www\csm\system\Database\BaseBuilder.php(1585): CodeIgniter\Database\BaseConnection->query('SELECT `u`.`id`...', Array, false)
#4 C:\laragon\www\csm\app\Models\LoginModel.php(46): CodeIgniter\Database\BaseBuilder->get()
#5 C:\laragon\www\csm\app\Controllers\Login.php(42): App\Models\LoginModel->check_user(Array)
#6 C:\laragon\www\csm\system\CodeIgniter.php(898): App\Controllers\Login->login()
#7 C:\laragon\www\csm\system\CodeIgniter.php(457): CodeIgniter\CodeIgniter->runController(Object(App\Controllers\Login))
#8 C:\laragon\www\csm\system\CodeIgniter.php(340): CodeIgniter\CodeIgniter->handleRequest(NULL, Object(Config\Cache), false)
#9 C:\laragon\www\csm\public\index.php(67): CodeIgniter\CodeIgniter->run()
#10 {main}
ERROR - 2022-08-10 23:28:04 --> mysqli_sql_exception: Unknown column 'username' in 'where clause' in C:\laragon\www\csm\system\Database\MySQLi\Connection.php:292
Stack trace:
#0 C:\laragon\www\csm\system\Database\MySQLi\Connection.php(292): mysqli->query('SELECT `u`.`id`...', 0)
#1 C:\laragon\www\csm\system\Database\BaseConnection.php(693): CodeIgniter\Database\MySQLi\Connection->execute('SELECT `u`.`id`...')
#2 C:\laragon\www\csm\system\Database\BaseConnection.php(620): CodeIgniter\Database\BaseConnection->simpleQuery('SELECT `u`.`id`...')
#3 C:\laragon\www\csm\system\Database\BaseBuilder.php(1585): CodeIgniter\Database\BaseConnection->query('SELECT `u`.`id`...', Array, false)
#4 C:\laragon\www\csm\app\Models\LoginModel.php(46): CodeIgniter\Database\BaseBuilder->get()
#5 C:\laragon\www\csm\app\Controllers\Login.php(42): App\Models\LoginModel->check_user(Array)
#6 C:\laragon\www\csm\system\CodeIgniter.php(898): App\Controllers\Login->login()
#7 C:\laragon\www\csm\system\CodeIgniter.php(457): CodeIgniter\CodeIgniter->runController(Object(App\Controllers\Login))
#8 C:\laragon\www\csm\system\CodeIgniter.php(340): CodeIgniter\CodeIgniter->handleRequest(NULL, Object(Config\Cache), false)
#9 C:\laragon\www\csm\public\index.php(67): CodeIgniter\CodeIgniter->run()
#10 {main}
ERROR - 2022-08-10 23:28:34 --> mysqli_sql_exception: Unknown column 'username' in 'where clause' in C:\laragon\www\csm\system\Database\MySQLi\Connection.php:292
Stack trace:
#0 C:\laragon\www\csm\system\Database\MySQLi\Connection.php(292): mysqli->query('SELECT `u`.`id`...', 0)
#1 C:\laragon\www\csm\system\Database\BaseConnection.php(693): CodeIgniter\Database\MySQLi\Connection->execute('SELECT `u`.`id`...')
#2 C:\laragon\www\csm\system\Database\BaseConnection.php(620): CodeIgniter\Database\BaseConnection->simpleQuery('SELECT `u`.`id`...')
#3 C:\laragon\www\csm\system\Database\BaseBuilder.php(1585): CodeIgniter\Database\BaseConnection->query('SELECT `u`.`id`...', Array, false)
#4 C:\laragon\www\csm\app\Models\LoginModel.php(46): CodeIgniter\Database\BaseBuilder->get()
#5 C:\laragon\www\csm\app\Controllers\Login.php(42): App\Models\LoginModel->check_user(Array)
#6 C:\laragon\www\csm\system\CodeIgniter.php(898): App\Controllers\Login->login()
#7 C:\laragon\www\csm\system\CodeIgniter.php(457): CodeIgniter\CodeIgniter->runController(Object(App\Controllers\Login))
#8 C:\laragon\www\csm\system\CodeIgniter.php(340): CodeIgniter\CodeIgniter->handleRequest(NULL, Object(Config\Cache), false)
#9 C:\laragon\www\csm\public\index.php(67): CodeIgniter\CodeIgniter->run()
#10 {main}
CRITICAL - 2022-08-10 23:29:57 --> Call to undefined method CodeIgniter\Database\MySQLi\Result::result()
in APPPATH\Models\LoginModel.php on line 50.
 1 APPPATH\Controllers\Login.php(42): App\Models\LoginModel->check_user([...])
 2 SYSTEMPATH\CodeIgniter.php(898): App\Controllers\Login->login()
 3 SYSTEMPATH\CodeIgniter.php(457): CodeIgniter\CodeIgniter->runController(Object(App\Controllers\Login))
 4 SYSTEMPATH\CodeIgniter.php(340): CodeIgniter\CodeIgniter->handleRequest(null, Object(Config\Cache), false)
 5 FCPATH\index.php(67): CodeIgniter\CodeIgniter->run()
CRITICAL - 2022-08-10 23:30:04 --> Call to undefined method CodeIgniter\Database\MySQLi\Result::result_array()
in APPPATH\Models\LoginModel.php on line 50.
 1 APPPATH\Controllers\Login.php(42): App\Models\LoginModel->check_user([...])
 2 SYSTEMPATH\CodeIgniter.php(898): App\Controllers\Login->login()
 3 SYSTEMPATH\CodeIgniter.php(457): CodeIgniter\CodeIgniter->runController(Object(App\Controllers\Login))
 4 SYSTEMPATH\CodeIgniter.php(340): CodeIgniter\CodeIgniter->handleRequest(null, Object(Config\Cache), false)
 5 FCPATH\index.php(67): CodeIgniter\CodeIgniter->run()
CRITICAL - 2022-08-10 23:30:28 --> Function name must be a string
in APPPATH\Models\LoginModel.php on line 50.
 1 APPPATH\Controllers\Login.php(42): App\Models\LoginModel->check_user([...])
 2 SYSTEMPATH\CodeIgniter.php(898): App\Controllers\Login->login()
 3 SYSTEMPATH\CodeIgniter.php(457): CodeIgniter\CodeIgniter->runController(Object(App\Controllers\Login))
 4 SYSTEMPATH\CodeIgniter.php(340): CodeIgniter\CodeIgniter->handleRequest(null, Object(Config\Cache), false)
 5 FCPATH\index.php(67): CodeIgniter\CodeIgniter->run()
CRITICAL - 2022-08-10 23:30:36 --> Function name must be a string
in APPPATH\Models\LoginModel.php on line 50.
 1 APPPATH\Controllers\Login.php(42): App\Models\LoginModel->check_user([...])
 2 SYSTEMPATH\CodeIgniter.php(898): App\Controllers\Login->login()
 3 SYSTEMPATH\CodeIgniter.php(457): CodeIgniter\CodeIgniter->runController(Object(App\Controllers\Login))
 4 SYSTEMPATH\CodeIgniter.php(340): CodeIgniter\CodeIgniter->handleRequest(null, Object(Config\Cache), false)
 5 FCPATH\index.php(67): CodeIgniter\CodeIgniter->run()
ERROR - 2022-08-10 23:31:39 --> mysqli_sql_exception: Unknown column 'username' in 'where clause' in C:\laragon\www\csm\system\Database\MySQLi\Connection.php:292
Stack trace:
#0 C:\laragon\www\csm\system\Database\MySQLi\Connection.php(292): mysqli->query('SELECT `u`.`id`...', 0)
#1 C:\laragon\www\csm\system\Database\BaseConnection.php(693): CodeIgniter\Database\MySQLi\Connection->execute('SELECT `u`.`id`...')
#2 C:\laragon\www\csm\system\Database\BaseConnection.php(620): CodeIgniter\Database\BaseConnection->simpleQuery('SELECT `u`.`id`...')
#3 C:\laragon\www\csm\system\Database\BaseBuilder.php(1585): CodeIgniter\Database\BaseConnection->query('SELECT `u`.`id`...', Array, false)
#4 C:\laragon\www\csm\app\Models\LoginModel.php(46): CodeIgniter\Database\BaseBuilder->get()
#5 C:\laragon\www\csm\app\Controllers\Login.php(42): App\Models\LoginModel->check_user(Array)
#6 C:\laragon\www\csm\system\CodeIgniter.php(898): App\Controllers\Login->login()
#7 C:\laragon\www\csm\system\CodeIgniter.php(457): CodeIgniter\CodeIgniter->runController(Object(App\Controllers\Login))
#8 C:\laragon\www\csm\system\CodeIgniter.php(340): CodeIgniter\CodeIgniter->handleRequest(NULL, Object(Config\Cache), false)
#9 C:\laragon\www\csm\public\index.php(67): CodeIgniter\CodeIgniter->run()
#10 {main}
ERROR - 2022-08-10 23:32:00 --> mysqli_sql_exception: Unknown column 'username' in 'where clause' in C:\laragon\www\csm\system\Database\MySQLi\Connection.php:292
Stack trace:
#0 C:\laragon\www\csm\system\Database\MySQLi\Connection.php(292): mysqli->query('SELECT `u`.`id`...', 0)
#1 C:\laragon\www\csm\system\Database\BaseConnection.php(693): CodeIgniter\Database\MySQLi\Connection->execute('SELECT `u`.`id`...')
#2 C:\laragon\www\csm\system\Database\BaseConnection.php(620): CodeIgniter\Database\BaseConnection->simpleQuery('SELECT `u`.`id`...')
#3 C:\laragon\www\csm\system\Database\BaseBuilder.php(1585): CodeIgniter\Database\BaseConnection->query('SELECT `u`.`id`...', Array, false)
#4 C:\laragon\www\csm\app\Models\LoginModel.php(46): CodeIgniter\Database\BaseBuilder->get()
#5 C:\laragon\www\csm\app\Controllers\Login.php(42): App\Models\LoginModel->check_user(Array)
#6 C:\laragon\www\csm\system\CodeIgniter.php(898): App\Controllers\Login->login()
#7 C:\laragon\www\csm\system\CodeIgniter.php(457): CodeIgniter\CodeIgniter->runController(Object(App\Controllers\Login))
#8 C:\laragon\www\csm\system\CodeIgniter.php(340): CodeIgniter\CodeIgniter->handleRequest(NULL, Object(Config\Cache), false)
#9 C:\laragon\www\csm\public\index.php(67): CodeIgniter\CodeIgniter->run()
#10 {main}
ERROR - 2022-08-10 23:34:16 --> mysqli_sql_exception: Unknown column 'username' in 'where clause' in C:\laragon\www\csm\system\Database\MySQLi\Connection.php:292
Stack trace:
#0 C:\laragon\www\csm\system\Database\MySQLi\Connection.php(292): mysqli->query('SELECT `u`.`id`...', 0)
#1 C:\laragon\www\csm\system\Database\BaseConnection.php(693): CodeIgniter\Database\MySQLi\Connection->execute('SELECT `u`.`id`...')
#2 C:\laragon\www\csm\system\Database\BaseConnection.php(620): CodeIgniter\Database\BaseConnection->simpleQuery('SELECT `u`.`id`...')
#3 C:\laragon\www\csm\system\Database\BaseBuilder.php(1585): CodeIgniter\Database\BaseConnection->query('SELECT `u`.`id`...', Array, false)
#4 C:\laragon\www\csm\app\Models\LoginModel.php(46): CodeIgniter\Database\BaseBuilder->get()
#5 C:\laragon\www\csm\app\Controllers\Login.php(42): App\Models\LoginModel->check_user(Array)
#6 C:\laragon\www\csm\system\CodeIgniter.php(898): App\Controllers\Login->login()
#7 C:\laragon\www\csm\system\CodeIgniter.php(457): CodeIgniter\CodeIgniter->runController(Object(App\Controllers\Login))
#8 C:\laragon\www\csm\system\CodeIgniter.php(340): CodeIgniter\CodeIgniter->handleRequest(NULL, Object(Config\Cache), false)
#9 C:\laragon\www\csm\public\index.php(67): CodeIgniter\CodeIgniter->run()
#10 {main}
ERROR - 2022-08-10 23:41:26 --> mysqli_sql_exception: Unknown column 'username' in 'where clause' in C:\laragon\www\csm\system\Database\MySQLi\Connection.php:292
Stack trace:
#0 C:\laragon\www\csm\system\Database\MySQLi\Connection.php(292): mysqli->query('SELECT `u`.`id`...', 0)
#1 C:\laragon\www\csm\system\Database\BaseConnection.php(693): CodeIgniter\Database\MySQLi\Connection->execute('SELECT `u`.`id`...')
#2 C:\laragon\www\csm\system\Database\BaseConnection.php(620): CodeIgniter\Database\BaseConnection->simpleQuery('SELECT `u`.`id`...')
#3 C:\laragon\www\csm\system\Database\BaseBuilder.php(1585): CodeIgniter\Database\BaseConnection->query('SELECT `u`.`id`...', Array, false)
#4 C:\laragon\www\csm\app\Models\LoginModel.php(46): CodeIgniter\Database\BaseBuilder->get()
#5 C:\laragon\www\csm\app\Controllers\Login.php(42): App\Models\LoginModel->check_user(Array)
#6 C:\laragon\www\csm\system\CodeIgniter.php(898): App\Controllers\Login->login()
#7 C:\laragon\www\csm\system\CodeIgniter.php(457): CodeIgniter\CodeIgniter->runController(Object(App\Controllers\Login))
#8 C:\laragon\www\csm\system\CodeIgniter.php(340): CodeIgniter\CodeIgniter->handleRequest(NULL, Object(Config\Cache), false)
#9 C:\laragon\www\csm\public\index.php(67): CodeIgniter\CodeIgniter->run()
#10 {main}
ERROR - 2022-08-10 23:42:41 --> mysqli_sql_exception: Unknown column 'username' in 'where clause' in C:\laragon\www\csm\system\Database\MySQLi\Connection.php:292
Stack trace:
#0 C:\laragon\www\csm\system\Database\MySQLi\Connection.php(292): mysqli->query('SELECT `u`.`id`...', 0)
#1 C:\laragon\www\csm\system\Database\BaseConnection.php(693): CodeIgniter\Database\MySQLi\Connection->execute('SELECT `u`.`id`...')
#2 C:\laragon\www\csm\system\Database\BaseConnection.php(620): CodeIgniter\Database\BaseConnection->simpleQuery('SELECT `u`.`id`...')
#3 C:\laragon\www\csm\system\Database\BaseBuilder.php(1585): CodeIgniter\Database\BaseConnection->query('SELECT `u`.`id`...', Array, false)
#4 C:\laragon\www\csm\app\Models\LoginModel.php(46): CodeIgniter\Database\BaseBuilder->get()
#5 C:\laragon\www\csm\app\Controllers\Login.php(42): App\Models\LoginModel->check_user(Array)
#6 C:\laragon\www\csm\system\CodeIgniter.php(898): App\Controllers\Login->login()
#7 C:\laragon\www\csm\system\CodeIgniter.php(457): CodeIgniter\CodeIgniter->runController(Object(App\Controllers\Login))
#8 C:\laragon\www\csm\system\CodeIgniter.php(340): CodeIgniter\CodeIgniter->handleRequest(NULL, Object(Config\Cache), false)
#9 C:\laragon\www\csm\public\index.php(67): CodeIgniter\CodeIgniter->run()
#10 {main}
ERROR - 2022-08-10 23:48:50 --> mysqli_sql_exception: Unknown column 'username' in 'where clause' in C:\laragon\www\csm\system\Database\MySQLi\Connection.php:292
Stack trace:
#0 C:\laragon\www\csm\system\Database\MySQLi\Connection.php(292): mysqli->query('SELECT `u`.`id`...', 0)
#1 C:\laragon\www\csm\system\Database\BaseConnection.php(693): CodeIgniter\Database\MySQLi\Connection->execute('SELECT `u`.`id`...')
#2 C:\laragon\www\csm\system\Database\BaseConnection.php(620): CodeIgniter\Database\BaseConnection->simpleQuery('SELECT `u`.`id`...')
#3 C:\laragon\www\csm\system\Database\BaseBuilder.php(1585): CodeIgniter\Database\BaseConnection->query('SELECT `u`.`id`...', Array, false)
#4 C:\laragon\www\csm\app\Models\LoginModel.php(46): CodeIgniter\Database\BaseBuilder->get()
#5 C:\laragon\www\csm\app\Controllers\Login.php(42): App\Models\LoginModel->check_user(Array)
#6 C:\laragon\www\csm\system\CodeIgniter.php(898): App\Controllers\Login->login()
#7 C:\laragon\www\csm\system\CodeIgniter.php(457): CodeIgniter\CodeIgniter->runController(Object(App\Controllers\Login))
#8 C:\laragon\www\csm\system\CodeIgniter.php(340): CodeIgniter\CodeIgniter->handleRequest(NULL, Object(Config\Cache), false)
#9 C:\laragon\www\csm\public\index.php(67): CodeIgniter\CodeIgniter->run()
#10 {main}
ERROR - 2022-08-10 23:49:19 --> mysqli_sql_exception: Unknown column 'username' in 'where clause' in C:\laragon\www\csm\system\Database\MySQLi\Connection.php:292
Stack trace:
#0 C:\laragon\www\csm\system\Database\MySQLi\Connection.php(292): mysqli->query('SELECT `u`.`id`...', 0)
#1 C:\laragon\www\csm\system\Database\BaseConnection.php(693): CodeIgniter\Database\MySQLi\Connection->execute('SELECT `u`.`id`...')
#2 C:\laragon\www\csm\system\Database\BaseConnection.php(620): CodeIgniter\Database\BaseConnection->simpleQuery('SELECT `u`.`id`...')
#3 C:\laragon\www\csm\system\Database\BaseBuilder.php(1585): CodeIgniter\Database\BaseConnection->query('SELECT `u`.`id`...', Array, false)
#4 C:\laragon\www\csm\app\Models\LoginModel.php(46): CodeIgniter\Database\BaseBuilder->get()
#5 C:\laragon\www\csm\app\Controllers\Login.php(42): App\Models\LoginModel->check_user(Array)
#6 C:\laragon\www\csm\system\CodeIgniter.php(898): App\Controllers\Login->login()
#7 C:\laragon\www\csm\system\CodeIgniter.php(457): CodeIgniter\CodeIgniter->runController(Object(App\Controllers\Login))
#8 C:\laragon\www\csm\system\CodeIgniter.php(340): CodeIgniter\CodeIgniter->handleRequest(NULL, Object(Config\Cache), false)
#9 C:\laragon\www\csm\public\index.php(67): CodeIgniter\CodeIgniter->run()
#10 {main}
ERROR - 2022-08-10 23:49:23 --> mysqli_sql_exception: Unknown column 'username' in 'where clause' in C:\laragon\www\csm\system\Database\MySQLi\Connection.php:292
Stack trace:
#0 C:\laragon\www\csm\system\Database\MySQLi\Connection.php(292): mysqli->query('SELECT `u`.`id`...', 0)
#1 C:\laragon\www\csm\system\Database\BaseConnection.php(693): CodeIgniter\Database\MySQLi\Connection->execute('SELECT `u`.`id`...')
#2 C:\laragon\www\csm\system\Database\BaseConnection.php(620): CodeIgniter\Database\BaseConnection->simpleQuery('SELECT `u`.`id`...')
#3 C:\laragon\www\csm\system\Database\BaseBuilder.php(1585): CodeIgniter\Database\BaseConnection->query('SELECT `u`.`id`...', Array, false)
#4 C:\laragon\www\csm\app\Models\LoginModel.php(46): CodeIgniter\Database\BaseBuilder->get()
#5 C:\laragon\www\csm\app\Controllers\Login.php(42): App\Models\LoginModel->check_user(Array)
#6 C:\laragon\www\csm\system\CodeIgniter.php(898): App\Controllers\Login->login()
#7 C:\laragon\www\csm\system\CodeIgniter.php(457): CodeIgniter\CodeIgniter->runController(Object(App\Controllers\Login))
#8 C:\laragon\www\csm\system\CodeIgniter.php(340): CodeIgniter\CodeIgniter->handleRequest(NULL, Object(Config\Cache), false)
#9 C:\laragon\www\csm\public\index.php(67): CodeIgniter\CodeIgniter->run()
#10 {main}
ERROR - 2022-08-10 23:50:02 --> mysqli_sql_exception: Unknown column 'username' in 'where clause' in C:\laragon\www\csm\system\Database\MySQLi\Connection.php:292
Stack trace:
#0 C:\laragon\www\csm\system\Database\MySQLi\Connection.php(292): mysqli->query('SELECT `u`.`id`...', 0)
#1 C:\laragon\www\csm\system\Database\BaseConnection.php(693): CodeIgniter\Database\MySQLi\Connection->execute('SELECT `u`.`id`...')
#2 C:\laragon\www\csm\system\Database\BaseConnection.php(620): CodeIgniter\Database\BaseConnection->simpleQuery('SELECT `u`.`id`...')
#3 C:\laragon\www\csm\system\Database\BaseBuilder.php(1585): CodeIgniter\Database\BaseConnection->query('SELECT `u`.`id`...', Array, false)
#4 C:\laragon\www\csm\app\Models\LoginModel.php(46): CodeIgniter\Database\BaseBuilder->get()
#5 C:\laragon\www\csm\app\Controllers\Login.php(42): App\Models\LoginModel->check_user(Array)
#6 C:\laragon\www\csm\system\CodeIgniter.php(898): App\Controllers\Login->login()
#7 C:\laragon\www\csm\system\CodeIgniter.php(457): CodeIgniter\CodeIgniter->runController(Object(App\Controllers\Login))
#8 C:\laragon\www\csm\system\CodeIgniter.php(340): CodeIgniter\CodeIgniter->handleRequest(NULL, Object(Config\Cache), false)
#9 C:\laragon\www\csm\public\index.php(67): CodeIgniter\CodeIgniter->run()
#10 {main}
CRITICAL - 2022-08-10 23:52:35 --> Undefined variable: config
in APPPATH\Controllers\Login.php on line 34.
 1 APPPATH\Controllers\Login.php(34): CodeIgniter\Debug\Exceptions->errorHandler(8, 'Undefined variable: config', 'APPPATH\\Controllers\\Login.php', 34, [...])
 2 SYSTEMPATH\CodeIgniter.php(898): App\Controllers\Login->login()
 3 SYSTEMPATH\CodeIgniter.php(457): CodeIgniter\CodeIgniter->runController(Object(App\Controllers\Login))
 4 SYSTEMPATH\CodeIgniter.php(340): CodeIgniter\CodeIgniter->handleRequest(null, Object(Config\Cache), false)
 5 FCPATH\index.php(67): CodeIgniter\CodeIgniter->run()
CRITICAL - 2022-08-10 23:52:40 --> Undefined variable: config
in APPPATH\Controllers\Login.php on line 34.
 1 APPPATH\Controllers\Login.php(34): CodeIgniter\Debug\Exceptions->errorHandler(8, 'Undefined variable: config', 'APPPATH\\Controllers\\Login.php', 34, [...])
 2 SYSTEMPATH\CodeIgniter.php(898): App\Controllers\Login->login()
 3 SYSTEMPATH\CodeIgniter.php(457): CodeIgniter\CodeIgniter->runController(Object(App\Controllers\Login))
 4 SYSTEMPATH\CodeIgniter.php(340): CodeIgniter\CodeIgniter->handleRequest(null, Object(Config\Cache), false)
 5 FCPATH\index.php(67): CodeIgniter\CodeIgniter->run()
CRITICAL - 2022-08-10 23:52:45 --> Undefined variable: config
in APPPATH\Controllers\Login.php on line 34.
 1 APPPATH\Controllers\Login.php(34): CodeIgniter\Debug\Exceptions->errorHandler(8, 'Undefined variable: config', 'APPPATH\\Controllers\\Login.php', 34, [...])
 2 SYSTEMPATH\CodeIgniter.php(898): App\Controllers\Login->login()
 3 SYSTEMPATH\CodeIgniter.php(457): CodeIgniter\CodeIgniter->runController(Object(App\Controllers\Login))
 4 SYSTEMPATH\CodeIgniter.php(340): CodeIgniter\CodeIgniter->handleRequest(null, Object(Config\Cache), false)
 5 FCPATH\index.php(67): CodeIgniter\CodeIgniter->run()
