CRITICAL - 2022-08-21 20:29:24 --> Undefined property: stdClass::$id
in ROOTPATH\Modules\Timesheet\Controllers\TimesheetController.php on line 43.
 1 ROOTPATH\Modules\Timesheet\Controllers\TimesheetController.php(43): CodeIgniter\Debug\Exceptions->errorHandler(8, 'Undefined property: stdClass::$id', 'ROOTPATH\\Modules\\Timesheet\\Controllers\\TimesheetController.php', 43, [...])
 2 VENDORPATH\hermawan\codeigniter4-datatables\src\DataTableQuery.php(91): Modules\Timesheet\Controllers\TimesheetController->Modules\Timesheet\Controllers\{closure}(Object(stdClass))
 3 VENDORPATH\hermawan\codeigniter4-datatables\src\DataTable.php(176): Hermawan\DataTables\DataTableQuery->getDataResult()
 4 ROOTPATH\Modules\Timesheet\Controllers\TimesheetController.php(46): Hermawan\DataTables\DataTable->toJson()
 5 SYSTEMPATH\CodeIgniter.php(898): Modules\Timesheet\Controllers\TimesheetController->ajaxDataTables()
 6 SYSTEMPATH\CodeIgniter.php(457): CodeIgniter\CodeIgniter->runController(Object(Modules\Timesheet\Controllers\TimesheetController))
 7 SYSTEMPATH\CodeIgniter.php(340): CodeIgniter\CodeIgniter->handleRequest(null, Object(Config\Cache), false)
 8 FCPATH\index.php(67): CodeIgniter\CodeIgniter->run()
ERROR - 2022-08-21 20:30:46 --> mysqli_sql_exception: Incorrect parameter count in the call to native function 'DATEDIFF' in C:\laragon\www\csm\system\Database\MySQLi\Connection.php:292
Stack trace:
#0 C:\laragon\www\csm\system\Database\MySQLi\Connection.php(292): mysqli->query('SELECT `date`, ...', 0)
#1 C:\laragon\www\csm\system\Database\BaseConnection.php(693): CodeIgniter\Database\MySQLi\Connection->execute('SELECT `date`, ...')
#2 C:\laragon\www\csm\system\Database\BaseConnection.php(620): CodeIgniter\Database\BaseConnection->simpleQuery('SELECT `date`, ...')
#3 C:\laragon\www\csm\system\Database\BaseBuilder.php(1585): CodeIgniter\Database\BaseConnection->query('SELECT `date`, ...', Array, false)
#4 C:\laragon\www\csm\vendor\hermawan\codeigniter4-datatables\src\DataTableQuery.php(219): CodeIgniter\Database\BaseBuilder->get()
#5 C:\laragon\www\csm\vendor\hermawan\codeigniter4-datatables\src\DataTableQuery.php(70): Hermawan\DataTables\DataTableQuery->queryResult()
#6 C:\laragon\www\csm\vendor\hermawan\codeigniter4-datatables\src\DataTable.php(176): Hermawan\DataTables\DataTableQuery->getDataResult()
#7 C:\laragon\www\csm\Modules\Timesheet\Controllers\TimesheetController.php(46): Hermawan\DataTables\DataTable->toJson()
#8 C:\laragon\www\csm\system\CodeIgniter.php(898): Modules\Timesheet\Controllers\TimesheetController->ajaxDataTables()
#9 C:\laragon\www\csm\system\CodeIgniter.php(457): CodeIgniter\CodeIgniter->runController(Object(Modules\Timesheet\Controllers\TimesheetController))
#10 C:\laragon\www\csm\system\CodeIgniter.php(340): CodeIgniter\CodeIgniter->handleRequest(NULL, Object(Config\Cache), false)
#11 C:\laragon\www\csm\public\index.php(67): CodeIgniter\CodeIgniter->run()
#12 {main}
CRITICAL - 2022-08-21 20:30:46 --> Call to a member function getResult() on bool
in VENDORPATH\hermawan\codeigniter4-datatables\src\DataTableQuery.php on line 219.
 1 VENDORPATH\hermawan\codeigniter4-datatables\src\DataTableQuery.php(70): Hermawan\DataTables\DataTableQuery->queryResult()
 2 VENDORPATH\hermawan\codeigniter4-datatables\src\DataTable.php(176): Hermawan\DataTables\DataTableQuery->getDataResult()
 3 ROOTPATH\Modules\Timesheet\Controllers\TimesheetController.php(46): Hermawan\DataTables\DataTable->toJson()
 4 SYSTEMPATH\CodeIgniter.php(898): Modules\Timesheet\Controllers\TimesheetController->ajaxDataTables()
 5 SYSTEMPATH\CodeIgniter.php(457): CodeIgniter\CodeIgniter->runController(Object(Modules\Timesheet\Controllers\TimesheetController))
 6 SYSTEMPATH\CodeIgniter.php(340): CodeIgniter\CodeIgniter->handleRequest(null, Object(Config\Cache), false)
 7 FCPATH\index.php(67): CodeIgniter\CodeIgniter->run()
ERROR - 2022-08-21 20:31:33 --> mysqli_sql_exception: Incorrect parameter count in the call to native function 'DATEDIFF' in C:\laragon\www\csm\system\Database\MySQLi\Connection.php:292
Stack trace:
#0 C:\laragon\www\csm\system\Database\MySQLi\Connection.php(292): mysqli->query('SELECT `date`, ...', 0)
#1 C:\laragon\www\csm\system\Database\BaseConnection.php(693): CodeIgniter\Database\MySQLi\Connection->execute('SELECT `date`, ...')
#2 C:\laragon\www\csm\system\Database\BaseConnection.php(620): CodeIgniter\Database\BaseConnection->simpleQuery('SELECT `date`, ...')
#3 C:\laragon\www\csm\system\Database\BaseBuilder.php(1585): CodeIgniter\Database\BaseConnection->query('SELECT `date`, ...', Array, false)
#4 C:\laragon\www\csm\vendor\hermawan\codeigniter4-datatables\src\DataTableQuery.php(219): CodeIgniter\Database\BaseBuilder->get()
#5 C:\laragon\www\csm\vendor\hermawan\codeigniter4-datatables\src\DataTableQuery.php(70): Hermawan\DataTables\DataTableQuery->queryResult()
#6 C:\laragon\www\csm\vendor\hermawan\codeigniter4-datatables\src\DataTable.php(176): Hermawan\DataTables\DataTableQuery->getDataResult()
#7 C:\laragon\www\csm\Modules\Timesheet\Controllers\TimesheetController.php(46): Hermawan\DataTables\DataTable->toJson()
#8 C:\laragon\www\csm\system\CodeIgniter.php(898): Modules\Timesheet\Controllers\TimesheetController->ajaxDataTables()
#9 C:\laragon\www\csm\system\CodeIgniter.php(457): CodeIgniter\CodeIgniter->runController(Object(Modules\Timesheet\Controllers\TimesheetController))
#10 C:\laragon\www\csm\system\CodeIgniter.php(340): CodeIgniter\CodeIgniter->handleRequest(NULL, Object(Config\Cache), false)
#11 C:\laragon\www\csm\public\index.php(67): CodeIgniter\CodeIgniter->run()
#12 {main}
CRITICAL - 2022-08-21 20:31:33 --> Call to a member function getResult() on bool
in VENDORPATH\hermawan\codeigniter4-datatables\src\DataTableQuery.php on line 219.
 1 VENDORPATH\hermawan\codeigniter4-datatables\src\DataTableQuery.php(70): Hermawan\DataTables\DataTableQuery->queryResult()
 2 VENDORPATH\hermawan\codeigniter4-datatables\src\DataTable.php(176): Hermawan\DataTables\DataTableQuery->getDataResult()
 3 ROOTPATH\Modules\Timesheet\Controllers\TimesheetController.php(46): Hermawan\DataTables\DataTable->toJson()
 4 SYSTEMPATH\CodeIgniter.php(898): Modules\Timesheet\Controllers\TimesheetController->ajaxDataTables()
 5 SYSTEMPATH\CodeIgniter.php(457): CodeIgniter\CodeIgniter->runController(Object(Modules\Timesheet\Controllers\TimesheetController))
 6 SYSTEMPATH\CodeIgniter.php(340): CodeIgniter\CodeIgniter->handleRequest(null, Object(Config\Cache), false)
 7 FCPATH\index.php(67): CodeIgniter\CodeIgniter->run()
ERROR - 2022-08-21 20:31:41 --> mysqli_sql_exception: Incorrect parameter count in the call to native function 'DATEDIFF' in C:\laragon\www\csm\system\Database\MySQLi\Connection.php:292
Stack trace:
#0 C:\laragon\www\csm\system\Database\MySQLi\Connection.php(292): mysqli->query('SELECT `date`, ...', 0)
#1 C:\laragon\www\csm\system\Database\BaseConnection.php(693): CodeIgniter\Database\MySQLi\Connection->execute('SELECT `date`, ...')
#2 C:\laragon\www\csm\system\Database\BaseConnection.php(620): CodeIgniter\Database\BaseConnection->simpleQuery('SELECT `date`, ...')
#3 C:\laragon\www\csm\system\Database\BaseBuilder.php(1585): CodeIgniter\Database\BaseConnection->query('SELECT `date`, ...', Array, false)
#4 C:\laragon\www\csm\vendor\hermawan\codeigniter4-datatables\src\DataTableQuery.php(219): CodeIgniter\Database\BaseBuilder->get()
#5 C:\laragon\www\csm\vendor\hermawan\codeigniter4-datatables\src\DataTableQuery.php(70): Hermawan\DataTables\DataTableQuery->queryResult()
#6 C:\laragon\www\csm\vendor\hermawan\codeigniter4-datatables\src\DataTable.php(176): Hermawan\DataTables\DataTableQuery->getDataResult()
#7 C:\laragon\www\csm\Modules\Timesheet\Controllers\TimesheetController.php(46): Hermawan\DataTables\DataTable->toJson()
#8 C:\laragon\www\csm\system\CodeIgniter.php(898): Modules\Timesheet\Controllers\TimesheetController->ajaxDataTables()
#9 C:\laragon\www\csm\system\CodeIgniter.php(457): CodeIgniter\CodeIgniter->runController(Object(Modules\Timesheet\Controllers\TimesheetController))
#10 C:\laragon\www\csm\system\CodeIgniter.php(340): CodeIgniter\CodeIgniter->handleRequest(NULL, Object(Config\Cache), false)
#11 C:\laragon\www\csm\public\index.php(67): CodeIgniter\CodeIgniter->run()
#12 {main}
CRITICAL - 2022-08-21 20:31:41 --> Call to a member function getResult() on bool
in VENDORPATH\hermawan\codeigniter4-datatables\src\DataTableQuery.php on line 219.
 1 VENDORPATH\hermawan\codeigniter4-datatables\src\DataTableQuery.php(70): Hermawan\DataTables\DataTableQuery->queryResult()
 2 VENDORPATH\hermawan\codeigniter4-datatables\src\DataTable.php(176): Hermawan\DataTables\DataTableQuery->getDataResult()
 3 ROOTPATH\Modules\Timesheet\Controllers\TimesheetController.php(46): Hermawan\DataTables\DataTable->toJson()
 4 SYSTEMPATH\CodeIgniter.php(898): Modules\Timesheet\Controllers\TimesheetController->ajaxDataTables()
 5 SYSTEMPATH\CodeIgniter.php(457): CodeIgniter\CodeIgniter->runController(Object(Modules\Timesheet\Controllers\TimesheetController))
 6 SYSTEMPATH\CodeIgniter.php(340): CodeIgniter\CodeIgniter->handleRequest(null, Object(Config\Cache), false)
 7 FCPATH\index.php(67): CodeIgniter\CodeIgniter->run()
CRITICAL - 2022-08-21 20:32:45 --> Call to undefined method CodeIgniter\Database\MySQLi\Builder::getResult()
in ROOTPATH\Modules\Timesheet\Models\TimesheetModel.php on line 15.
 1 ROOTPATH\Modules\Timesheet\Controllers\TimesheetController.php(39): Modules\Timesheet\Models\TimesheetModel->timesheet('1')
 2 SYSTEMPATH\CodeIgniter.php(898): Modules\Timesheet\Controllers\TimesheetController->ajaxDataTables()
 3 SYSTEMPATH\CodeIgniter.php(457): CodeIgniter\CodeIgniter->runController(Object(Modules\Timesheet\Controllers\TimesheetController))
 4 SYSTEMPATH\CodeIgniter.php(340): CodeIgniter\CodeIgniter->handleRequest(null, Object(Config\Cache), false)
 5 FCPATH\index.php(67): CodeIgniter\CodeIgniter->run()
CRITICAL - 2022-08-21 20:39:10 --> __clone method called on non-object
in VENDORPATH\hermawan\codeigniter4-datatables\src\DataTableColumnDefs.php on line 240.
 1 VENDORPATH\hermawan\codeigniter4-datatables\src\DataTableColumnDefs.php(17): Hermawan\DataTables\DataTableColumnDefs->initFromBuilder(null)
 2 VENDORPATH\hermawan\codeigniter4-datatables\src\DataTable.php(35): Hermawan\DataTables\DataTableColumnDefs->__construct(null)
 3 VENDORPATH\hermawan\codeigniter4-datatables\src\DataTable.php(46): Hermawan\DataTables\DataTable->__construct(null)
 4 ROOTPATH\Modules\Timesheet\Controllers\TimesheetController.php(41): Hermawan\DataTables\DataTable::of(null)
 5 SYSTEMPATH\CodeIgniter.php(898): Modules\Timesheet\Controllers\TimesheetController->ajaxDataTables()
 6 SYSTEMPATH\CodeIgniter.php(457): CodeIgniter\CodeIgniter->runController(Object(Modules\Timesheet\Controllers\TimesheetController))
 7 SYSTEMPATH\CodeIgniter.php(340): CodeIgniter\CodeIgniter->handleRequest(null, Object(Config\Cache), false)
 8 FCPATH\index.php(67): CodeIgniter\CodeIgniter->run()
CRITICAL - 2022-08-21 20:39:53 --> Call to undefined method CodeIgniter\Database\MySQLi\Builder::getResultArray()
in ROOTPATH\Modules\Timesheet\Models\TimesheetModel.php on line 14.
 1 ROOTPATH\Modules\Timesheet\Controllers\TimesheetController.php(39): Modules\Timesheet\Models\TimesheetModel->timesheet('1')
 2 SYSTEMPATH\CodeIgniter.php(898): Modules\Timesheet\Controllers\TimesheetController->ajaxDataTables()
 3 SYSTEMPATH\CodeIgniter.php(457): CodeIgniter\CodeIgniter->runController(Object(Modules\Timesheet\Controllers\TimesheetController))
 4 SYSTEMPATH\CodeIgniter.php(340): CodeIgniter\CodeIgniter->handleRequest(null, Object(Config\Cache), false)
 5 FCPATH\index.php(67): CodeIgniter\CodeIgniter->run()
CRITICAL - 2022-08-21 20:40:38 --> Call to undefined method CodeIgniter\Database\MySQLi\Builder::getResultArray()
in ROOTPATH\Modules\Timesheet\Controllers\TimesheetController.php on line 41.
 1 SYSTEMPATH\CodeIgniter.php(898): Modules\Timesheet\Controllers\TimesheetController->ajaxDataTables()
 2 SYSTEMPATH\CodeIgniter.php(457): CodeIgniter\CodeIgniter->runController(Object(Modules\Timesheet\Controllers\TimesheetController))
 3 SYSTEMPATH\CodeIgniter.php(340): CodeIgniter\CodeIgniter->handleRequest(null, Object(Config\Cache), false)
 4 FCPATH\index.php(67): CodeIgniter\CodeIgniter->run()
ERROR - 2022-08-21 20:46:44 --> mysqli_sql_exception: Incorrect parameter count in the call to native function 'DATEDIFF' in C:\laragon\www\csm\system\Database\MySQLi\Connection.php:292
Stack trace:
#0 C:\laragon\www\csm\system\Database\MySQLi\Connection.php(292): mysqli->query('SELECT `date`, ...', 0)
#1 C:\laragon\www\csm\system\Database\BaseConnection.php(693): CodeIgniter\Database\MySQLi\Connection->execute('SELECT `date`, ...')
#2 C:\laragon\www\csm\system\Database\BaseConnection.php(620): CodeIgniter\Database\BaseConnection->simpleQuery('SELECT `date`, ...')
#3 C:\laragon\www\csm\system\Database\BaseBuilder.php(1585): CodeIgniter\Database\BaseConnection->query('SELECT `date`, ...', Array, false)
#4 C:\laragon\www\csm\vendor\hermawan\codeigniter4-datatables\src\DataTableQuery.php(219): CodeIgniter\Database\BaseBuilder->get()
#5 C:\laragon\www\csm\vendor\hermawan\codeigniter4-datatables\src\DataTableQuery.php(70): Hermawan\DataTables\DataTableQuery->queryResult()
#6 C:\laragon\www\csm\vendor\hermawan\codeigniter4-datatables\src\DataTable.php(176): Hermawan\DataTables\DataTableQuery->getDataResult()
#7 C:\laragon\www\csm\Modules\Timesheet\Controllers\TimesheetController.php(45): Hermawan\DataTables\DataTable->toJson()
#8 C:\laragon\www\csm\system\CodeIgniter.php(898): Modules\Timesheet\Controllers\TimesheetController->ajaxDataTables()
#9 C:\laragon\www\csm\system\CodeIgniter.php(457): CodeIgniter\CodeIgniter->runController(Object(Modules\Timesheet\Controllers\TimesheetController))
#10 C:\laragon\www\csm\system\CodeIgniter.php(340): CodeIgniter\CodeIgniter->handleRequest(NULL, Object(Config\Cache), false)
#11 C:\laragon\www\csm\public\index.php(67): CodeIgniter\CodeIgniter->run()
#12 {main}
CRITICAL - 2022-08-21 20:46:44 --> Call to a member function getResult() on bool
in VENDORPATH\hermawan\codeigniter4-datatables\src\DataTableQuery.php on line 219.
 1 VENDORPATH\hermawan\codeigniter4-datatables\src\DataTableQuery.php(70): Hermawan\DataTables\DataTableQuery->queryResult()
 2 VENDORPATH\hermawan\codeigniter4-datatables\src\DataTable.php(176): Hermawan\DataTables\DataTableQuery->getDataResult()
 3 ROOTPATH\Modules\Timesheet\Controllers\TimesheetController.php(45): Hermawan\DataTables\DataTable->toJson()
 4 SYSTEMPATH\CodeIgniter.php(898): Modules\Timesheet\Controllers\TimesheetController->ajaxDataTables()
 5 SYSTEMPATH\CodeIgniter.php(457): CodeIgniter\CodeIgniter->runController(Object(Modules\Timesheet\Controllers\TimesheetController))
 6 SYSTEMPATH\CodeIgniter.php(340): CodeIgniter\CodeIgniter->handleRequest(null, Object(Config\Cache), false)
 7 FCPATH\index.php(67): CodeIgniter\CodeIgniter->run()
ERROR - 2022-08-21 20:46:51 --> mysqli_sql_exception: Incorrect parameter count in the call to native function 'DATEDIFF' in C:\laragon\www\csm\system\Database\MySQLi\Connection.php:292
Stack trace:
#0 C:\laragon\www\csm\system\Database\MySQLi\Connection.php(292): mysqli->query('SELECT `date`, ...', 0)
#1 C:\laragon\www\csm\system\Database\BaseConnection.php(693): CodeIgniter\Database\MySQLi\Connection->execute('SELECT `date`, ...')
#2 C:\laragon\www\csm\system\Database\BaseConnection.php(620): CodeIgniter\Database\BaseConnection->simpleQuery('SELECT `date`, ...')
#3 C:\laragon\www\csm\system\Database\BaseBuilder.php(1585): CodeIgniter\Database\BaseConnection->query('SELECT `date`, ...', Array, false)
#4 C:\laragon\www\csm\vendor\hermawan\codeigniter4-datatables\src\DataTableQuery.php(219): CodeIgniter\Database\BaseBuilder->get()
#5 C:\laragon\www\csm\vendor\hermawan\codeigniter4-datatables\src\DataTableQuery.php(70): Hermawan\DataTables\DataTableQuery->queryResult()
#6 C:\laragon\www\csm\vendor\hermawan\codeigniter4-datatables\src\DataTable.php(176): Hermawan\DataTables\DataTableQuery->getDataResult()
#7 C:\laragon\www\csm\Modules\Timesheet\Controllers\TimesheetController.php(45): Hermawan\DataTables\DataTable->toJson()
#8 C:\laragon\www\csm\system\CodeIgniter.php(898): Modules\Timesheet\Controllers\TimesheetController->ajaxDataTables()
#9 C:\laragon\www\csm\system\CodeIgniter.php(457): CodeIgniter\CodeIgniter->runController(Object(Modules\Timesheet\Controllers\TimesheetController))
#10 C:\laragon\www\csm\system\CodeIgniter.php(340): CodeIgniter\CodeIgniter->handleRequest(NULL, Object(Config\Cache), false)
#11 C:\laragon\www\csm\public\index.php(67): CodeIgniter\CodeIgniter->run()
#12 {main}
CRITICAL - 2022-08-21 20:46:51 --> Call to a member function getResult() on bool
in VENDORPATH\hermawan\codeigniter4-datatables\src\DataTableQuery.php on line 219.
 1 VENDORPATH\hermawan\codeigniter4-datatables\src\DataTableQuery.php(70): Hermawan\DataTables\DataTableQuery->queryResult()
 2 VENDORPATH\hermawan\codeigniter4-datatables\src\DataTable.php(176): Hermawan\DataTables\DataTableQuery->getDataResult()
 3 ROOTPATH\Modules\Timesheet\Controllers\TimesheetController.php(45): Hermawan\DataTables\DataTable->toJson()
 4 SYSTEMPATH\CodeIgniter.php(898): Modules\Timesheet\Controllers\TimesheetController->ajaxDataTables()
 5 SYSTEMPATH\CodeIgniter.php(457): CodeIgniter\CodeIgniter->runController(Object(Modules\Timesheet\Controllers\TimesheetController))
 6 SYSTEMPATH\CodeIgniter.php(340): CodeIgniter\CodeIgniter->handleRequest(null, Object(Config\Cache), false)
 7 FCPATH\index.php(67): CodeIgniter\CodeIgniter->run()
ERROR - 2022-08-21 20:46:55 --> mysqli_sql_exception: Incorrect parameter count in the call to native function 'DATEDIFF' in C:\laragon\www\csm\system\Database\MySQLi\Connection.php:292
Stack trace:
#0 C:\laragon\www\csm\system\Database\MySQLi\Connection.php(292): mysqli->query('SELECT `date`, ...', 0)
#1 C:\laragon\www\csm\system\Database\BaseConnection.php(693): CodeIgniter\Database\MySQLi\Connection->execute('SELECT `date`, ...')
#2 C:\laragon\www\csm\system\Database\BaseConnection.php(620): CodeIgniter\Database\BaseConnection->simpleQuery('SELECT `date`, ...')
#3 C:\laragon\www\csm\system\Database\BaseBuilder.php(1585): CodeIgniter\Database\BaseConnection->query('SELECT `date`, ...', Array, false)
#4 C:\laragon\www\csm\vendor\hermawan\codeigniter4-datatables\src\DataTableQuery.php(219): CodeIgniter\Database\BaseBuilder->get()
#5 C:\laragon\www\csm\vendor\hermawan\codeigniter4-datatables\src\DataTableQuery.php(70): Hermawan\DataTables\DataTableQuery->queryResult()
#6 C:\laragon\www\csm\vendor\hermawan\codeigniter4-datatables\src\DataTable.php(176): Hermawan\DataTables\DataTableQuery->getDataResult()
#7 C:\laragon\www\csm\Modules\Timesheet\Controllers\TimesheetController.php(45): Hermawan\DataTables\DataTable->toJson()
#8 C:\laragon\www\csm\system\CodeIgniter.php(898): Modules\Timesheet\Controllers\TimesheetController->ajaxDataTables()
#9 C:\laragon\www\csm\system\CodeIgniter.php(457): CodeIgniter\CodeIgniter->runController(Object(Modules\Timesheet\Controllers\TimesheetController))
#10 C:\laragon\www\csm\system\CodeIgniter.php(340): CodeIgniter\CodeIgniter->handleRequest(NULL, Object(Config\Cache), false)
#11 C:\laragon\www\csm\public\index.php(67): CodeIgniter\CodeIgniter->run()
#12 {main}
CRITICAL - 2022-08-21 20:46:55 --> Call to a member function getResult() on bool
in VENDORPATH\hermawan\codeigniter4-datatables\src\DataTableQuery.php on line 219.
 1 VENDORPATH\hermawan\codeigniter4-datatables\src\DataTableQuery.php(70): Hermawan\DataTables\DataTableQuery->queryResult()
 2 VENDORPATH\hermawan\codeigniter4-datatables\src\DataTable.php(176): Hermawan\DataTables\DataTableQuery->getDataResult()
 3 ROOTPATH\Modules\Timesheet\Controllers\TimesheetController.php(45): Hermawan\DataTables\DataTable->toJson()
 4 SYSTEMPATH\CodeIgniter.php(898): Modules\Timesheet\Controllers\TimesheetController->ajaxDataTables()
 5 SYSTEMPATH\CodeIgniter.php(457): CodeIgniter\CodeIgniter->runController(Object(Modules\Timesheet\Controllers\TimesheetController))
 6 SYSTEMPATH\CodeIgniter.php(340): CodeIgniter\CodeIgniter->handleRequest(null, Object(Config\Cache), false)
 7 FCPATH\index.php(67): CodeIgniter\CodeIgniter->run()
CRITICAL - 2022-08-21 20:54:41 --> Undefined property: stdClass::$customerName
in ROOTPATH\Modules\Timesheet\Controllers\TimesheetController.php on line 43.
 1 ROOTPATH\Modules\Timesheet\Controllers\TimesheetController.php(43): CodeIgniter\Debug\Exceptions->errorHandler(8, 'Undefined property: stdClass::$customerName', 'ROOTPATH\\Modules\\Timesheet\\Controllers\\TimesheetController.php', 43, [...])
 2 VENDORPATH\hermawan\codeigniter4-datatables\src\DataTableQuery.php(91): Modules\Timesheet\Controllers\TimesheetController->Modules\Timesheet\Controllers\{closure}(Object(stdClass))
 3 VENDORPATH\hermawan\codeigniter4-datatables\src\DataTable.php(176): Hermawan\DataTables\DataTableQuery->getDataResult()
 4 ROOTPATH\Modules\Timesheet\Controllers\TimesheetController.php(45): Hermawan\DataTables\DataTable->toJson()
 5 SYSTEMPATH\CodeIgniter.php(898): Modules\Timesheet\Controllers\TimesheetController->ajaxDataTables()
 6 SYSTEMPATH\CodeIgniter.php(457): CodeIgniter\CodeIgniter->runController(Object(Modules\Timesheet\Controllers\TimesheetController))
 7 SYSTEMPATH\CodeIgniter.php(340): CodeIgniter\CodeIgniter->handleRequest(null, Object(Config\Cache), false)
 8 FCPATH\index.php(67): CodeIgniter\CodeIgniter->run()
CRITICAL - 2022-08-21 21:26:30 --> Class 'Modules\Timesheet\Controllers\DateTime' not found
in ROOTPATH\Modules\Timesheet\Controllers\TimesheetController.php on line 52.
 1 VENDORPATH\hermawan\codeigniter4-datatables\src\DataTableQuery.php(91): Modules\Timesheet\Controllers\TimesheetController->Modules\Timesheet\Controllers\{closure}(Object(stdClass))
 2 VENDORPATH\hermawan\codeigniter4-datatables\src\DataTable.php(176): Hermawan\DataTables\DataTableQuery->getDataResult()
 3 ROOTPATH\Modules\Timesheet\Controllers\TimesheetController.php(57): Hermawan\DataTables\DataTable->toJson()
 4 SYSTEMPATH\CodeIgniter.php(898): Modules\Timesheet\Controllers\TimesheetController->ajaxDataTables()
 5 SYSTEMPATH\CodeIgniter.php(457): CodeIgniter\CodeIgniter->runController(Object(Modules\Timesheet\Controllers\TimesheetController))
 6 SYSTEMPATH\CodeIgniter.php(340): CodeIgniter\CodeIgniter->handleRequest(null, Object(Config\Cache), false)
 7 FCPATH\index.php(67): CodeIgniter\CodeIgniter->run()
CRITICAL - 2022-08-21 21:27:54 --> Class 'Modules\Timesheet\Controllers\DateTime' not found
in ROOTPATH\Modules\Timesheet\Controllers\TimesheetController.php on line 52.
 1 VENDORPATH\hermawan\codeigniter4-datatables\src\DataTableQuery.php(91): Modules\Timesheet\Controllers\TimesheetController->Modules\Timesheet\Controllers\{closure}(Object(stdClass))
 2 VENDORPATH\hermawan\codeigniter4-datatables\src\DataTable.php(176): Hermawan\DataTables\DataTableQuery->getDataResult()
 3 ROOTPATH\Modules\Timesheet\Controllers\TimesheetController.php(58): Hermawan\DataTables\DataTable->toJson()
 4 SYSTEMPATH\CodeIgniter.php(898): Modules\Timesheet\Controllers\TimesheetController->ajaxDataTables()
 5 SYSTEMPATH\CodeIgniter.php(457): CodeIgniter\CodeIgniter->runController(Object(Modules\Timesheet\Controllers\TimesheetController))
 6 SYSTEMPATH\CodeIgniter.php(340): CodeIgniter\CodeIgniter->handleRequest(null, Object(Config\Cache), false)
 7 FCPATH\index.php(67): CodeIgniter\CodeIgniter->run()
CRITICAL - 2022-08-21 23:12:36 --> Invalid file: \Modules\Users\Views\modal.php
in SYSTEMPATH\Exceptions\FrameworkException.php on line 33.
 1 SYSTEMPATH\View\View.php(201): CodeIgniter\Exceptions\FrameworkException::forInvalidFile('\\Modules\\Users\\Views\\modal.php')
 2 SYSTEMPATH\Common.php(1137): CodeIgniter\View\View->render('\\Modules\\Users\\Views\\modal', [], true)
 3 ROOTPATH\Modules\Users\Controllers\UsersController.php(20): view('\\Modules\\Users\\Views\\modal', [...])
 4 SYSTEMPATH\CodeIgniter.php(898): Modules\Users\Controllers\UsersController->index()
 5 SYSTEMPATH\CodeIgniter.php(457): CodeIgniter\CodeIgniter->runController(Object(Modules\Users\Controllers\UsersController))
 6 SYSTEMPATH\CodeIgniter.php(340): CodeIgniter\CodeIgniter->handleRequest(null, Object(Config\Cache), false)
 7 FCPATH\index.php(67): CodeIgniter\CodeIgniter->run()
