CRITICAL - 2022-09-04 22:07:20 --> Undefined index: user_id
in ROOTPATH\Modules\Timesheet\Controllers\TimesheetController.php on line 21.
 1 ROOTPATH\Modules\Timesheet\Controllers\TimesheetController.php(21): CodeIgniter\Debug\Exceptions->errorHandler(8, 'Undefined index: user_id', 'ROOTPATH\\Modules\\Timesheet\\Controllers\\TimesheetController.php', 21, [])
 2 SYSTEMPATH\CodeIgniter.php(898): Modules\Timesheet\Controllers\TimesheetController->index()
 3 SYSTEMPATH\CodeIgniter.php(457): CodeIgniter\CodeIgniter->runController(Object(Modules\Timesheet\Controllers\TimesheetController))
 4 SYSTEMPATH\CodeIgniter.php(340): CodeIgniter\CodeIgniter->handleRequest(null, Object(Config\Cache), false)
 5 FCPATH\index.php(67): CodeIgniter\CodeIgniter->run()
CRITICAL - 2022-09-04 23:38:43 --> Call to a member function where() on bool
in ROOTPATH\Modules\Dashboard\Models\DashboardModel.php on line 18.
 1 ROOTPATH\Modules\Dashboard\Controllers\DashboardController.php(39): Modules\Dashboard\Models\DashboardModel->log('1')
 2 SYSTEMPATH\CodeIgniter.php(898): Modules\Dashboard\Controllers\DashboardController->clock_in()
 3 SYSTEMPATH\CodeIgniter.php(457): CodeIgniter\CodeIgniter->runController(Object(Modules\Dashboard\Controllers\DashboardController))
 4 SYSTEMPATH\CodeIgniter.php(340): CodeIgniter\CodeIgniter->handleRequest(null, Object(Config\Cache), false)
 5 FCPATH\index.php(67): CodeIgniter\CodeIgniter->run()
CRITICAL - 2022-09-04 23:38:47 --> Call to a member function where() on bool
in ROOTPATH\Modules\Dashboard\Models\DashboardModel.php on line 18.
 1 ROOTPATH\Modules\Dashboard\Controllers\DashboardController.php(39): Modules\Dashboard\Models\DashboardModel->log('1')
 2 SYSTEMPATH\CodeIgniter.php(898): Modules\Dashboard\Controllers\DashboardController->clock_in()
 3 SYSTEMPATH\CodeIgniter.php(457): CodeIgniter\CodeIgniter->runController(Object(Modules\Dashboard\Controllers\DashboardController))
 4 SYSTEMPATH\CodeIgniter.php(340): CodeIgniter\CodeIgniter->handleRequest(null, Object(Config\Cache), false)
 5 FCPATH\index.php(67): CodeIgniter\CodeIgniter->run()
CRITICAL - 2022-09-04 23:38:49 --> Call to a member function where() on bool
in ROOTPATH\Modules\Dashboard\Models\DashboardModel.php on line 18.
 1 ROOTPATH\Modules\Dashboard\Controllers\DashboardController.php(39): Modules\Dashboard\Models\DashboardModel->log('1')
 2 SYSTEMPATH\CodeIgniter.php(898): Modules\Dashboard\Controllers\DashboardController->clock_in()
 3 SYSTEMPATH\CodeIgniter.php(457): CodeIgniter\CodeIgniter->runController(Object(Modules\Dashboard\Controllers\DashboardController))
 4 SYSTEMPATH\CodeIgniter.php(340): CodeIgniter\CodeIgniter->handleRequest(null, Object(Config\Cache), false)
 5 FCPATH\index.php(67): CodeIgniter\CodeIgniter->run()
CRITICAL - 2022-09-04 23:39:54 --> Call to a member function where() on bool
in ROOTPATH\Modules\Dashboard\Models\DashboardModel.php on line 18.
 1 ROOTPATH\Modules\Dashboard\Controllers\DashboardController.php(39): Modules\Dashboard\Models\DashboardModel->log('1')
 2 SYSTEMPATH\CodeIgniter.php(898): Modules\Dashboard\Controllers\DashboardController->clock_in()
 3 SYSTEMPATH\CodeIgniter.php(457): CodeIgniter\CodeIgniter->runController(Object(Modules\Dashboard\Controllers\DashboardController))
 4 SYSTEMPATH\CodeIgniter.php(340): CodeIgniter\CodeIgniter->handleRequest(null, Object(Config\Cache), false)
 5 FCPATH\index.php(67): CodeIgniter\CodeIgniter->run()
