CRITICAL - 2022-10-06 19:44:32 --> Declaration of Modules\Dashboard\Models\DashboardModel::delete($id) should be compatible with CodeIgniter\BaseModel::delete($id = NULL, bool $purge = false)
in ROOTPATH\Modules\Dashboard\Models\DashboardModel.php on line 38.
 1 ROOTPATH\Modules\Dashboard\Models\DashboardModel.php(7): CodeIgniter\Debug\Exceptions->errorHandler(2, 'Declaration of Modules\\Dashboard\\Models\\DashboardModel::delete($id) should be compatible with CodeIgniter\\BaseModel::delete($id = NULL, bool $purge = false)', 'ROOTPATH\\Modules\\Dashboard\\Models\\DashboardModel.php', 38, [...])
 2 SYSTEMPATH\Autoloader\Autoloader.php(282): include_once('ROOTPATH\\Modules\\Dashboard\\Models\\DashboardModel.php')
 3 SYSTEMPATH\Autoloader\Autoloader.php(259): CodeIgniter\Autoloader\Autoloader->includeFile('ROOTPATH\\Modules\\Dashboard\\Models\\DashboardModel.php')
 4 SYSTEMPATH\Autoloader\Autoloader.php(237): CodeIgniter\Autoloader\Autoloader->loadInNamespace('Modules\\Dashboard\\Models\\DashboardModel')
 5 [internal function]: CodeIgniter\Autoloader\Autoloader->loadClass('Modules\\Dashboard\\Models\\DashboardModel')
 6 ROOTPATH\Modules\Dashboard\Controllers\DashboardController.php(16): spl_autoload_call('Modules\\Dashboard\\Models\\DashboardModel')
 7 SYSTEMPATH\CodeIgniter.php(860): Modules\Dashboard\Controllers\DashboardController->__construct()
 8 SYSTEMPATH\CodeIgniter.php(448): CodeIgniter\CodeIgniter->createController()
 9 SYSTEMPATH\CodeIgniter.php(340): CodeIgniter\CodeIgniter->handleRequest(null, Object(Config\Cache), false)
10 FCPATH\index.php(67): CodeIgniter\CodeIgniter->run()
CRITICAL - 2022-10-06 20:14:11 --> Call to undefined method CodeIgniter\Database\MySQLi\Connection::from()
in ROOTPATH\Modules\Dashboard\Models\DashboardModel.php on line 41.
 1 ROOTPATH\Modules\Dashboard\Controllers\DashboardController.php(55): Modules\Dashboard\Models\DashboardModel->delete_log('2')
 2 SYSTEMPATH\CodeIgniter.php(898): Modules\Dashboard\Controllers\DashboardController->delete_log('2')
 3 SYSTEMPATH\CodeIgniter.php(457): CodeIgniter\CodeIgniter->runController(Object(Modules\Dashboard\Controllers\DashboardController))
 4 SYSTEMPATH\CodeIgniter.php(340): CodeIgniter\CodeIgniter->handleRequest(null, Object(Config\Cache), false)
 5 FCPATH\index.php(67): CodeIgniter\CodeIgniter->run()
CRITICAL - 2022-10-06 20:19:27 --> Call to undefined method CodeIgniter\Database\MySQLi\Connection::from()
in ROOTPATH\Modules\Dashboard\Models\DashboardModel.php on line 41.
 1 ROOTPATH\Modules\Dashboard\Controllers\DashboardController.php(55): Modules\Dashboard\Models\DashboardModel->delete_log('2')
 2 SYSTEMPATH\CodeIgniter.php(898): Modules\Dashboard\Controllers\DashboardController->delete_log('2')
 3 SYSTEMPATH\CodeIgniter.php(457): CodeIgniter\CodeIgniter->runController(Object(Modules\Dashboard\Controllers\DashboardController))
 4 SYSTEMPATH\CodeIgniter.php(340): CodeIgniter\CodeIgniter->handleRequest(null, Object(Config\Cache), false)
 5 FCPATH\index.php(67): CodeIgniter\CodeIgniter->run()
CRITICAL - 2022-10-06 20:25:47 --> Call to undefined method CodeIgniter\Database\MySQLi\Connection::from()
in ROOTPATH\Modules\Dashboard\Models\DashboardModel.php on line 41.
 1 ROOTPATH\Modules\Dashboard\Controllers\DashboardController.php(55): Modules\Dashboard\Models\DashboardModel->delete_log('2')
 2 SYSTEMPATH\CodeIgniter.php(898): Modules\Dashboard\Controllers\DashboardController->delete_log('2')
 3 SYSTEMPATH\CodeIgniter.php(457): CodeIgniter\CodeIgniter->runController(Object(Modules\Dashboard\Controllers\DashboardController))
 4 SYSTEMPATH\CodeIgniter.php(340): CodeIgniter\CodeIgniter->handleRequest(null, Object(Config\Cache), false)
 5 FCPATH\index.php(67): CodeIgniter\CodeIgniter->run()
CRITICAL - 2022-10-06 20:35:08 --> Call to undefined method CodeIgniter\Database\MySQLi\Connection::from()
in ROOTPATH\Modules\Dashboard\Models\DashboardModel.php on line 41.
 1 ROOTPATH\Modules\Dashboard\Controllers\DashboardController.php(55): Modules\Dashboard\Models\DashboardModel->delete_log('2')
 2 SYSTEMPATH\CodeIgniter.php(898): Modules\Dashboard\Controllers\DashboardController->delete_log('2')
 3 SYSTEMPATH\CodeIgniter.php(457): CodeIgniter\CodeIgniter->runController(Object(Modules\Dashboard\Controllers\DashboardController))
 4 SYSTEMPATH\CodeIgniter.php(340): CodeIgniter\CodeIgniter->handleRequest(null, Object(Config\Cache), false)
 5 FCPATH\index.php(67): CodeIgniter\CodeIgniter->run()
CRITICAL - 2022-10-06 22:13:13 --> Undefined index: user_id
in ROOTPATH\Modules\Dashboard\Controllers\DashboardController.php on line 21.
 1 ROOTPATH\Modules\Dashboard\Controllers\DashboardController.php(21): CodeIgniter\Debug\Exceptions->errorHandler(8, 'Undefined index: user_id', 'ROOTPATH\\Modules\\Dashboard\\Controllers\\DashboardController.php', 21, [])
 2 SYSTEMPATH\CodeIgniter.php(898): Modules\Dashboard\Controllers\DashboardController->index()
 3 SYSTEMPATH\CodeIgniter.php(457): CodeIgniter\CodeIgniter->runController(Object(Modules\Dashboard\Controllers\DashboardController))
 4 SYSTEMPATH\CodeIgniter.php(340): CodeIgniter\CodeIgniter->handleRequest(null, Object(Config\Cache), false)
 5 FCPATH\index.php(67): CodeIgniter\CodeIgniter->run()
