ERROR - 2022-09-27 19:57:52 --> mysqli_sql_exception: Unknown column 'ethnicitiy' in 'field list' in C:\laragon\www\csm\system\Database\MySQLi\Connection.php:292
Stack trace:
#0 C:\laragon\www\csm\system\Database\MySQLi\Connection.php(292): mysqli->query('INSERT INTO `cl...', 0)
#1 C:\laragon\www\csm\system\Database\BaseConnection.php(693): CodeIgniter\Database\MySQLi\Connection->execute('INSERT INTO `cl...')
#2 C:\laragon\www\csm\system\Database\BaseConnection.php(620): CodeIgniter\Database\BaseConnection->simpleQuery('INSERT INTO `cl...')
#3 C:\laragon\www\csm\system\Database\BaseBuilder.php(1916): CodeIgniter\Database\BaseConnection->query('INSERT INTO `cl...', Array, false)
#4 C:\laragon\www\csm\Modules\Clients\Controllers\ClientsController.php(81): CodeIgniter\Database\BaseBuilder->insert(Array)
#5 C:\laragon\www\csm\system\CodeIgniter.php(898): Modules\Clients\Controllers\ClientsController->save_client()
#6 C:\laragon\www\csm\system\CodeIgniter.php(457): CodeIgniter\CodeIgniter->runController(Object(Modules\Clients\Controllers\ClientsController))
#7 C:\laragon\www\csm\system\CodeIgniter.php(340): CodeIgniter\CodeIgniter->handleRequest(NULL, Object(Config\Cache), false)
#8 C:\laragon\www\csm\public\index.php(67): CodeIgniter\CodeIgniter->run()
#9 {main}
ERROR - 2022-09-27 20:33:58 --> mysqli_sql_exception: Unknown column 'ethnicitiy' in 'field list' in C:\laragon\www\csm\system\Database\MySQLi\Connection.php:292
Stack trace:
#0 C:\laragon\www\csm\system\Database\MySQLi\Connection.php(292): mysqli->query('INSERT INTO `cl...', 0)
#1 C:\laragon\www\csm\system\Database\BaseConnection.php(693): CodeIgniter\Database\MySQLi\Connection->execute('INSERT INTO `cl...')
#2 C:\laragon\www\csm\system\Database\BaseConnection.php(620): CodeIgniter\Database\BaseConnection->simpleQuery('INSERT INTO `cl...')
#3 C:\laragon\www\csm\system\Database\BaseBuilder.php(1916): CodeIgniter\Database\BaseConnection->query('INSERT INTO `cl...', Array, false)
#4 C:\laragon\www\csm\Modules\Clients\Controllers\ClientsController.php(81): CodeIgniter\Database\BaseBuilder->insert(Array)
#5 C:\laragon\www\csm\system\CodeIgniter.php(898): Modules\Clients\Controllers\ClientsController->save_client()
#6 C:\laragon\www\csm\system\CodeIgniter.php(457): CodeIgniter\CodeIgniter->runController(Object(Modules\Clients\Controllers\ClientsController))
#7 C:\laragon\www\csm\system\CodeIgniter.php(340): CodeIgniter\CodeIgniter->handleRequest(NULL, Object(Config\Cache), false)
#8 C:\laragon\www\csm\public\index.php(67): CodeIgniter\CodeIgniter->run()
#9 {main}
CRITICAL - 2022-09-27 21:27:28 --> ucfirst() expects parameter 1 to be string, object given
in ROOTPATH\Modules\Clients\Controllers\ClientsController.php on line 39.
 1 [internal function]: CodeIgniter\Debug\Exceptions->errorHandler(2, 'ucfirst() expects parameter 1 to be string, object given', 'ROOTPATH\\Modules\\Clients\\Controllers\\ClientsController.php', 39, [...])
 2 ROOTPATH\Modules\Clients\Controllers\ClientsController.php(39): ucfirst(Object(stdClass))
 3 VENDORPATH\hermawan\codeigniter4-datatables\src\DataTableQuery.php(96): Modules\Clients\Controllers\ClientsController->Modules\Clients\Controllers\{closure}(Object(stdClass))
 4 VENDORPATH\hermawan\codeigniter4-datatables\src\DataTable.php(176): Hermawan\DataTables\DataTableQuery->getDataResult()
 5 ROOTPATH\Modules\Clients\Controllers\ClientsController.php(45): Hermawan\DataTables\DataTable->toJson()
 6 SYSTEMPATH\CodeIgniter.php(898): Modules\Clients\Controllers\ClientsController->ajaxDataTables()
 7 SYSTEMPATH\CodeIgniter.php(457): CodeIgniter\CodeIgniter->runController(Object(Modules\Clients\Controllers\ClientsController))
 8 SYSTEMPATH\CodeIgniter.php(340): CodeIgniter\CodeIgniter->handleRequest(null, Object(Config\Cache), false)
 9 FCPATH\index.php(67): CodeIgniter\CodeIgniter->run()
ERROR - 2022-09-27 21:39:51 --> mysqli_sql_exception: Unknown column 'ethnicitiy' in 'field list' in C:\laragon\www\csm\system\Database\MySQLi\Connection.php:292
Stack trace:
#0 C:\laragon\www\csm\system\Database\MySQLi\Connection.php(292): mysqli->query('INSERT INTO `cl...', 0)
#1 C:\laragon\www\csm\system\Database\BaseConnection.php(693): CodeIgniter\Database\MySQLi\Connection->execute('INSERT INTO `cl...')
#2 C:\laragon\www\csm\system\Database\BaseConnection.php(620): CodeIgniter\Database\BaseConnection->simpleQuery('INSERT INTO `cl...')
#3 C:\laragon\www\csm\system\Database\BaseBuilder.php(1916): CodeIgniter\Database\BaseConnection->query('INSERT INTO `cl...', Array, false)
#4 C:\laragon\www\csm\Modules\Clients\Controllers\ClientsController.php(103): CodeIgniter\Database\BaseBuilder->insert(Array)
#5 C:\laragon\www\csm\system\CodeIgniter.php(898): Modules\Clients\Controllers\ClientsController->save_client()
#6 C:\laragon\www\csm\system\CodeIgniter.php(457): CodeIgniter\CodeIgniter->runController(Object(Modules\Clients\Controllers\ClientsController))
#7 C:\laragon\www\csm\system\CodeIgniter.php(340): CodeIgniter\CodeIgniter->handleRequest(NULL, Object(Config\Cache), false)
#8 C:\laragon\www\csm\public\index.php(67): CodeIgniter\CodeIgniter->run()
#9 {main}
