CRITICAL - 2022-08-09 00:33:28 --> Call to a member function get() on null
in ROOTPATH\Modules\Users\Controllers\UsersController.php on line 12.
 1 SYSTEMPATH\CodeIgniter.php(898): Modules\Users\Controllers\UsersController->index()
 2 SYSTEMPATH\CodeIgniter.php(457): CodeIgniter\CodeIgniter->runController(Object(Modules\Users\Controllers\UsersController))
 3 SYSTEMPATH\CodeIgniter.php(340): CodeIgniter\CodeIgniter->handleRequest(null, Object(Config\Cache), false)
 4 FCPATH\index.php(67): CodeIgniter\CodeIgniter->run()
CRITICAL - 2022-08-09 00:34:25 --> Undefined property: Modules\Users\Controllers\UsersController::$db
in ROOTPATH\Modules\Users\Controllers\UsersController.php on line 15.
 1 ROOTPATH\Modules\Users\Controllers\UsersController.php(15): CodeIgniter\Debug\Exceptions->errorHandler(8, 'Undefined property: Modules\\Users\\Controllers\\UsersController::$db', 'ROOTPATH\\Modules\\Users\\Controllers\\UsersController.php', 15, [])
 2 SYSTEMPATH\CodeIgniter.php(898): Modules\Users\Controllers\UsersController->index()
 3 SYSTEMPATH\CodeIgniter.php(457): CodeIgniter\CodeIgniter->runController(Object(Modules\Users\Controllers\UsersController))
 4 SYSTEMPATH\CodeIgniter.php(340): CodeIgniter\CodeIgniter->handleRequest(null, Object(Config\Cache), false)
 5 FCPATH\index.php(67): CodeIgniter\CodeIgniter->run()
CRITICAL - 2022-08-09 00:39:18 --> Undefined property: Modules\Users\Controllers\UsersController::$db
in ROOTPATH\Modules\Users\Controllers\UsersController.php on line 15.
 1 ROOTPATH\Modules\Users\Controllers\UsersController.php(15): CodeIgniter\Debug\Exceptions->errorHandler(8, 'Undefined property: Modules\\Users\\Controllers\\UsersController::$db', 'ROOTPATH\\Modules\\Users\\Controllers\\UsersController.php', 15, [])
 2 SYSTEMPATH\CodeIgniter.php(898): Modules\Users\Controllers\UsersController->index()
 3 SYSTEMPATH\CodeIgniter.php(457): CodeIgniter\CodeIgniter->runController(Object(Modules\Users\Controllers\UsersController))
 4 SYSTEMPATH\CodeIgniter.php(340): CodeIgniter\CodeIgniter->handleRequest(null, Object(Config\Cache), false)
 5 FCPATH\index.php(67): CodeIgniter\CodeIgniter->run()
CRITICAL - 2022-08-09 00:39:38 --> Class 'Modules\Users\Controllers\DB' not found
in ROOTPATH\Modules\Users\Controllers\UsersController.php on line 15.
 1 SYSTEMPATH\CodeIgniter.php(898): Modules\Users\Controllers\UsersController->index()
 2 SYSTEMPATH\CodeIgniter.php(457): CodeIgniter\CodeIgniter->runController(Object(Modules\Users\Controllers\UsersController))
 3 SYSTEMPATH\CodeIgniter.php(340): CodeIgniter\CodeIgniter->handleRequest(null, Object(Config\Cache), false)
 4 FCPATH\index.php(67): CodeIgniter\CodeIgniter->run()
CRITICAL - 2022-08-09 00:39:50 --> Class 'DB' not found
in ROOTPATH\Modules\Users\Controllers\UsersController.php on line 16.
 1 SYSTEMPATH\CodeIgniter.php(898): Modules\Users\Controllers\UsersController->index()
 2 SYSTEMPATH\CodeIgniter.php(457): CodeIgniter\CodeIgniter->runController(Object(Modules\Users\Controllers\UsersController))
 3 SYSTEMPATH\CodeIgniter.php(340): CodeIgniter\CodeIgniter->handleRequest(null, Object(Config\Cache), false)
 4 FCPATH\index.php(67): CodeIgniter\CodeIgniter->run()
CRITICAL - 2022-08-09 00:42:02 --> Undefined variable: db
in ROOTPATH\Modules\Users\Controllers\UsersController.php on line 19.
 1 ROOTPATH\Modules\Users\Controllers\UsersController.php(19): CodeIgniter\Debug\Exceptions->errorHandler(8, 'Undefined variable: db', 'ROOTPATH\\Modules\\Users\\Controllers\\UsersController.php', 19, [])
 2 SYSTEMPATH\CodeIgniter.php(898): Modules\Users\Controllers\UsersController->index()
 3 SYSTEMPATH\CodeIgniter.php(457): CodeIgniter\CodeIgniter->runController(Object(Modules\Users\Controllers\UsersController))
 4 SYSTEMPATH\CodeIgniter.php(340): CodeIgniter\CodeIgniter->handleRequest(null, Object(Config\Cache), false)
 5 FCPATH\index.php(67): CodeIgniter\CodeIgniter->run()
CRITICAL - 2022-08-09 00:42:10 --> Call to undefined method CodeIgniter\Database\MySQLi\Connection::get()
in ROOTPATH\Modules\Users\Controllers\UsersController.php on line 20.
 1 SYSTEMPATH\CodeIgniter.php(898): Modules\Users\Controllers\UsersController->index()
 2 SYSTEMPATH\CodeIgniter.php(457): CodeIgniter\CodeIgniter->runController(Object(Modules\Users\Controllers\UsersController))
 3 SYSTEMPATH\CodeIgniter.php(340): CodeIgniter\CodeIgniter->handleRequest(null, Object(Config\Cache), false)
 4 FCPATH\index.php(67): CodeIgniter\CodeIgniter->run()
CRITICAL - 2022-08-09 00:43:16 --> Undefined variable: db
in ROOTPATH\Modules\Users\Controllers\UsersController.php on line 21.
 1 ROOTPATH\Modules\Users\Controllers\UsersController.php(21): CodeIgniter\Debug\Exceptions->errorHandler(8, 'Undefined variable: db', 'ROOTPATH\\Modules\\Users\\Controllers\\UsersController.php', 21, [])
 2 SYSTEMPATH\CodeIgniter.php(898): Modules\Users\Controllers\UsersController->index()
 3 SYSTEMPATH\CodeIgniter.php(457): CodeIgniter\CodeIgniter->runController(Object(Modules\Users\Controllers\UsersController))
 4 SYSTEMPATH\CodeIgniter.php(340): CodeIgniter\CodeIgniter->handleRequest(null, Object(Config\Cache), false)
 5 FCPATH\index.php(67): CodeIgniter\CodeIgniter->run()
CRITICAL - 2022-08-09 00:43:24 --> Undefined variable: db
in ROOTPATH\Modules\Users\Controllers\UsersController.php on line 21.
 1 ROOTPATH\Modules\Users\Controllers\UsersController.php(21): CodeIgniter\Debug\Exceptions->errorHandler(8, 'Undefined variable: db', 'ROOTPATH\\Modules\\Users\\Controllers\\UsersController.php', 21, [])
 2 SYSTEMPATH\CodeIgniter.php(898): Modules\Users\Controllers\UsersController->index()
 3 SYSTEMPATH\CodeIgniter.php(457): CodeIgniter\CodeIgniter->runController(Object(Modules\Users\Controllers\UsersController))
 4 SYSTEMPATH\CodeIgniter.php(340): CodeIgniter\CodeIgniter->handleRequest(null, Object(Config\Cache), false)
 5 FCPATH\index.php(67): CodeIgniter\CodeIgniter->run()
CRITICAL - 2022-08-09 01:13:25 --> Class 'Modules\Users\Models\UserModel' not found
in ROOTPATH\Modules\Users\Controllers\UsersController.php on line 17.
 1 SYSTEMPATH\CodeIgniter.php(898): Modules\Users\Controllers\UsersController->index()
 2 SYSTEMPATH\CodeIgniter.php(457): CodeIgniter\CodeIgniter->runController(Object(Modules\Users\Controllers\UsersController))
 3 SYSTEMPATH\CodeIgniter.php(340): CodeIgniter\CodeIgniter->handleRequest(null, Object(Config\Cache), false)
 4 FCPATH\index.php(67): CodeIgniter\CodeIgniter->run()
CRITICAL - 2022-08-09 22:25:33 --> A non-numeric value encountered
in ROOTPATH\Modules\Users\Controllers\UsersController.php on line 19.
 1 ROOTPATH\Modules\Users\Controllers\UsersController.php(19): CodeIgniter\Debug\Exceptions->errorHandler(2, 'A non-numeric value encountered', 'ROOTPATH\\Modules\\Users\\Controllers\\UsersController.php', 19, [...])
 2 SYSTEMPATH\CodeIgniter.php(898): Modules\Users\Controllers\UsersController->index()
 3 SYSTEMPATH\CodeIgniter.php(457): CodeIgniter\CodeIgniter->runController(Object(Modules\Users\Controllers\UsersController))
 4 SYSTEMPATH\CodeIgniter.php(340): CodeIgniter\CodeIgniter->handleRequest(null, Object(Config\Cache), false)
 5 FCPATH\index.php(67): CodeIgniter\CodeIgniter->run()
CRITICAL - 2022-08-09 22:25:50 --> Array to string conversion
in ROOTPATH\Modules\Users\Controllers\UsersController.php on line 19.
 1 ROOTPATH\Modules\Users\Controllers\UsersController.php(19): CodeIgniter\Debug\Exceptions->errorHandler(8, 'Array to string conversion', 'ROOTPATH\\Modules\\Users\\Controllers\\UsersController.php', 19, [...])
 2 SYSTEMPATH\CodeIgniter.php(898): Modules\Users\Controllers\UsersController->index()
 3 SYSTEMPATH\CodeIgniter.php(457): CodeIgniter\CodeIgniter->runController(Object(Modules\Users\Controllers\UsersController))
 4 SYSTEMPATH\CodeIgniter.php(340): CodeIgniter\CodeIgniter->handleRequest(null, Object(Config\Cache), false)
 5 FCPATH\index.php(67): CodeIgniter\CodeIgniter->run()
CRITICAL - 2022-08-09 23:04:46 --> Class 'Modules\Users\Controllers\DataTable' not found
in ROOTPATH\Modules\Users\Controllers\UsersController.php on line 31.
 1 SYSTEMPATH\CodeIgniter.php(898): Modules\Users\Controllers\UsersController->ajaxDataTables()
 2 SYSTEMPATH\CodeIgniter.php(457): CodeIgniter\CodeIgniter->runController(Object(Modules\Users\Controllers\UsersController))
 3 SYSTEMPATH\CodeIgniter.php(340): CodeIgniter\CodeIgniter->handleRequest(null, Object(Config\Cache), false)
 4 FCPATH\index.php(67): CodeIgniter\CodeIgniter->run()
CRITICAL - 2022-08-09 23:05:08 --> Class 'Modules\Users\Controllers\DataTable' not found
in ROOTPATH\Modules\Users\Controllers\UsersController.php on line 31.
 1 SYSTEMPATH\CodeIgniter.php(898): Modules\Users\Controllers\UsersController->ajaxDataTables()
 2 SYSTEMPATH\CodeIgniter.php(457): CodeIgniter\CodeIgniter->runController(Object(Modules\Users\Controllers\UsersController))
 3 SYSTEMPATH\CodeIgniter.php(340): CodeIgniter\CodeIgniter->handleRequest(null, Object(Config\Cache), false)
 4 FCPATH\index.php(67): CodeIgniter\CodeIgniter->run()
